#
# A fatal error has been detected by the Java Runtime Environment:
#
#  SIGSEGV (0xb) at pc=0x00007ff8076cafda, pid=30987, tid=259
#
# JRE version: Java(TM) SE Runtime Environment (8.0_31-b13) (build 1.8.0_31-b13)
# Java VM: Java HotSpot(TM) 64-Bit Server VM (25.31-b07 mixed mode bsd-amd64 compressed oops)
# Problematic frame:
# C  [libobjc.A.dylib+0x26fda]  objc_opt_respondsToSelector+0x1b
#
# Failed to write core dump. Core dumps have been disabled. To enable core dumping, try "ulimit -c unlimited" before starting Java again
#
# If you would like to submit a bug report, please visit:
#   http://bugreport.java.com/bugreport/crash.jsp
# The crash happened outside the Java Virtual Machine in native code.
# See problematic frame for where to report the bug.
#

---------------  T H R E A D  ---------------

Current thread (0x00007feb1239b000):  JavaThread "main" [_thread_in_native, id=259, stack(0x0000000307071000,0x0000000307871000)]

siginfo: si_signo: 11 (SIGSEGV), si_code: 1 (SEGV_MAPERR), si_addr: 0x0000431523d3debe

Registers:
RAX=0x0000000101bd35af, RBX=0x0000600002d5dea0, RCX=0x0000600002d5dea0, RDX=0x0000431523d3dea0
RSP=0x000000030784cfd8, RBP=0x000000030784d010, RSI=0x0000000101bd35af, RDI=0x0000600002d5dea0
R8 =0x00006000023270d0, R9 =0x00007feb130273c0, R10=0x00007ff84b13de50, R11=0x00007ff80fd8e2b3
R12=0x0000000101bd35af, R13=0x00007ff8076aa740, R14=0x00006000023270d0, R15=0x00006000023270d0
RIP=0x00007ff8076cafda, EFLAGS=0x0000000000000247, ERR=0x0000000000000004
  TRAPNO=0x000000000000000e

Top of Stack: (sp=0x000000030784cfd8)
0x000000030784cfd8:   00007ff80ad59b0d 00007ff847ae2578
0x000000030784cfe8:   00006000023270d0 ffffffffffffffff
0x000000030784cff8:   00007ff84a8aff58 00007ff8076aa740
0x000000030784d008:   00007ff84a8aff38 000000030784d030
0x000000030784d018:   00007ff80abfe41e 0000600002666370
0x000000030784d028:   00006000023270d0 000000030784d050
0x000000030784d038:   00007ff80abfcdc1 00007ff84a8aff58
0x000000030784d048:   00007ff84a8aff38 000000030784d0e0
0x000000030784d058:   00007ff808923f35 0007d50cc37a2119
0x000000030784d068:   00007ff827129128 00007ff8271227ff
0x000000030784d078:   00007feb1280b990 0000600007110d80
0x000000030784d088:   0000600002666370 00007ff8271d62a7
0x000000030784d098:   00006000023270d0 000060000171e8e0
0x000000030784d0a8:   000060000213cf00 00006000001557c0
0x000000030784d0b8:   0000600004e22140 0000600002104a80
0x000000030784d0c8:   000060000213cf00 00007ff808923d7d
0x000000030784d0d8:   000060000213cf18 000000030784d0f0
0x000000030784d0e8:   00007ff807b33cb2 000000030784e1a0
0x000000030784d0f8:   00007ff807b3382f 0000600002f001b0
0x000000030784d108:   0000600002104a90 00007feb1280b988
0x000000030784d118:   0007d50cbf4e3eae 0000600002104b34
0x000000030784d128:   0000600002f001a0 0000000000000000
0x000000030784d138:   0000000000000000 0000600004e22140
0x000000030784d148:   0000000000000000 0000000000000000
0x000000030784d158:   0000000000000000 0000000000000000
0x000000030784d168:   0000000000000000 0000000000000000
0x000000030784d178:   0000000000000000 0000000000000000
0x000000030784d188:   0000000000000000 0000000000000000
0x000000030784d198:   0000000000000000 0000000000000000
0x000000030784d1a8:   0000000000000000 0000000000000000
0x000000030784d1b8:   0000000000000000 0000000000000000
0x000000030784d1c8:   0000000000000000 0000000000000000 

Instructions: (pc=0x00007ff8076cafda)
0x00007ff8076cafba:   90 90 90 90 90 48 85 ff 74 25 48 89 f0 40 f6 c7
0x00007ff8076cafca:   01 75 1f 48 ba f8 ff ff ff ff 7f 00 00 48 23 17
0x00007ff8076cafda:   66 83 7a 1e 00 79 40 48 89 c6 e9 dd 54 fe ff 31
0x00007ff8076cafea:   c0 c3 89 f9 83 e1 0f 48 8d 15 c8 16 a4 43 48 8b 

Register to memory mapping:

RAX=0x0000000101bd35af: <offset 0x16a75af> in /Applications/Stata/StataMP.app/Contents/MacOS/StataMP at 0x000000010052c000
RBX=0x0000600002d5dea0 is an unknown value
RCX=0x0000600002d5dea0 is an unknown value
RDX=0x0000431523d3dea0 is an unknown value
RSP=0x000000030784cfd8 is pointing into the stack for thread: 0x00007feb1239b000
RBP=0x000000030784d010 is pointing into the stack for thread: 0x00007feb1239b000
RSI=0x0000000101bd35af: <offset 0x16a75af> in /Applications/Stata/StataMP.app/Contents/MacOS/StataMP at 0x000000010052c000
RDI=0x0000600002d5dea0 is an unknown value
R8 =0x00006000023270d0 is an unknown value
R9 =0x00007feb130273c0 is an unknown value
R10=0x00007ff84b13de50: OBJC_METACLASS_$_NSResponder+0 in /System/Library/Frameworks/AppKit.framework/Versions/C/AppKit at 0x00007ff80aacc000
R11=0x00007ff80fd8e2b3: +[NSResponder(NSPrivateForViewBridge) _viewBridgeTargetForAction:to:from:]+0 in /System/Library/PrivateFrameworks/ViewBridge.framework/Versions/A/ViewBridge at 0x00007ff80fd85000
R12=0x0000000101bd35af: <offset 0x16a75af> in /Applications/Stata/StataMP.app/Contents/MacOS/StataMP at 0x000000010052c000
R13=0x00007ff8076aa740: objc_msgSend+0 in /usr/lib/libobjc.A.dylib at 0x00007ff8076a4000
R14=0x00006000023270d0 is an unknown value
R15=0x00006000023270d0 is an unknown value


Stack: [0x0000000307071000,0x0000000307871000],  sp=0x000000030784cfd8,  free space=8047k
Native frames: (J=compiled Java code, j=interpreted, Vv=VM code, C=native code)
C  [libobjc.A.dylib+0x26fda]  objc_opt_respondsToSelector+0x1b
C  [AppKit+0x13241e]  -[NSToolbarItem validate]+0x7c
C  [AppKit+0x130dc1]  -[NSToolbar _autovalidateToolbarItem:]+0x62
C  [Foundation+0x7ff35]  __NSFireDelayedPerform+0x1b8
C  [CoreFoundation+0x95cb2]  __CFRUNLOOP_IS_CALLING_OUT_TO_A_TIMER_CALLBACK_FUNCTION__+0x14
C  [CoreFoundation+0x9582f]  __CFRunLoopDoTimer+0x327
C  [CoreFoundation+0x9544a]  __CFRunLoopDoTimers+0x11d
C  [CoreFoundation+0x7b948]  __CFRunLoopRun+0x8a2
C  [CoreFoundation+0x7aa4c]  CFRunLoopRunSpecific+0x230
C  [HIToolbox+0x2efcd]  RunCurrentEventLoopInMode+0x124
C  [HIToolbox+0x2ec14]  ReceiveNextEventCommon+0xc7
C  [HIToolbox+0x2eb38]  _BlockUntilNextEventMatchingListInModeWithFilter+0x40
C  [AppKit+0x3e7a0]  _DPSNextEvent+0x35a
C  [AppKit+0x3d64a]  -[NSApplication(NSEvent) _nextEventMatchingEventMask:untilDate:inMode:dequeue:]+0x4be
C  [StataMP+0x245865]  icu_54::CollationIterator::nextCE(UErrorCode&)+0x9fba5
C  [StataMP+0x2459a4]  icu_54::CollationIterator::nextCE(UErrorCode&)+0x9fce4
C  [StataMP+0x245d46]  icu_54::CollationIterator::nextCE(UErrorCode&)+0xa0086
C  [StataMP+0x9b4b74]  icu_54::CollationIterator::nextCE(UErrorCode&)+0x80eeb4
C  [StataMP+0x9b28d0]  icu_54::CollationIterator::nextCE(UErrorCode&)+0x80cc10
C  [StataMP+0x9b2710]  icu_54::CollationIterator::nextCE(UErrorCode&)+0x80ca50
C  [StataMP+0x8e6656]  icu_54::CollationIterator::nextCE(UErrorCode&)+0x740996
C  [StataMP+0x8e64e3]  icu_54::CollationIterator::nextCE(UErrorCode&)+0x740823
C  [StataMP+0x8e6fa7]  icu_54::CollationIterator::nextCE(UErrorCode&)+0x7412e7
C  [StataMP+0x92bb81]  icu_54::CollationIterator::nextCE(UErrorCode&)+0x785ec1
C  [StataMP+0x92b651]  icu_54::CollationIterator::nextCE(UErrorCode&)+0x785991
C  [StataMP+0x7c07ad]  icu_54::CollationIterator::nextCE(UErrorCode&)+0x61aaed
C  [StataMP+0x7c0589]  icu_54::CollationIterator::nextCE(UErrorCode&)+0x61a8c9
C  [StataMP+0x7c545b]  icu_54::CollationIterator::nextCE(UErrorCode&)+0x61f79b
C  [StataMP+0x70b4fb]  icu_54::CollationIterator::nextCE(UErrorCode&)+0x56583b
C  [StataMP+0x70afb5]  icu_54::CollationIterator::nextCE(UErrorCode&)+0x5652f5
C  [StataMP+0x9c3b1a]  icu_54::CollationIterator::nextCE(UErrorCode&)+0x81de5a
C  [StataMP+0x9c12b6]  icu_54::CollationIterator::nextCE(UErrorCode&)+0x81b5f6
C  [StataMP+0x9c1761]  icu_54::CollationIterator::nextCE(UErrorCode&)+0x81baa1
C  [StataMP+0x68ba80]  icu_54::CollationIterator::nextCE(UErrorCode&)+0x4e5dc0
C  [StataMP+0x6884d5]  icu_54::CollationIterator::nextCE(UErrorCode&)+0x4e2815
C  [StataMP+0x7e472e]  icu_54::CollationIterator::nextCE(UErrorCode&)+0x63ea6e
C  [StataMP+0x6889cf]  icu_54::CollationIterator::nextCE(UErrorCode&)+0x4e2d0f
C  [StataMP+0x6ceeb8]  icu_54::CollationIterator::nextCE(UErrorCode&)+0x5291f8
C  [StataMP+0x68c48c]  icu_54::CollationIterator::nextCE(UErrorCode&)+0x4e67cc
C  [StataMP+0x6884d5]  icu_54::CollationIterator::nextCE(UErrorCode&)+0x4e2815
C  [StataMP+0x69f91b]  icu_54::CollationIterator::nextCE(UErrorCode&)+0x4f9c5b
C  [StataMP+0x68ba1b]  icu_54::CollationIterator::nextCE(UErrorCode&)+0x4e5d5b
C  [StataMP+0x68cf44]  icu_54::CollationIterator::nextCE(UErrorCode&)+0x4e7284
C  [StataMP+0x9c1676]  icu_54::CollationIterator::nextCE(UErrorCode&)+0x81b9b6
C  [StataMP+0x68c581]  icu_54::CollationIterator::nextCE(UErrorCode&)+0x4e68c1
C  [StataMP+0x6884d5]  icu_54::CollationIterator::nextCE(UErrorCode&)+0x4e2815
C  [StataMP+0x69f91b]  icu_54::CollationIterator::nextCE(UErrorCode&)+0x4f9c5b
C  [StataMP+0x68ba1b]  icu_54::CollationIterator::nextCE(UErrorCode&)+0x4e5d5b
C  [StataMP+0x6884d5]  icu_54::CollationIterator::nextCE(UErrorCode&)+0x4e2815
C  [StataMP+0x8a6f9b]  icu_54::CollationIterator::nextCE(UErrorCode&)+0x7012db
C  [StataMP+0x1434]
[error occurred during error reporting (printing native stack), id 0xe0000000]


---------------  P R O C E S S  ---------------

Java Threads: ( => current thread )
  0x00007feb1388f000 JavaThread "Service Thread" daemon [_thread_blocked, id=50963, stack(0x000000030b00f000,0x000000030b20f000)]
  0x00007feaf3044000 JavaThread "C1 CompilerThread3" daemon [_thread_blocked, id=188735, stack(0x000000030af0c000,0x000000030b00c000)]
  0x00007feaf30dc000 JavaThread "C2 CompilerThread2" daemon [_thread_blocked, id=143911, stack(0x000000030ae09000,0x000000030af09000)]
  0x00007feb121f6000 JavaThread "C2 CompilerThread1" daemon [_thread_blocked, id=143279, stack(0x000000030ad06000,0x000000030ae06000)]
  0x00007feb123d9000 JavaThread "C2 CompilerThread0" daemon [_thread_blocked, id=17527, stack(0x000000030ac03000,0x000000030ad03000)]
  0x00007feb12448000 JavaThread "Signal Dispatcher" daemon [_thread_blocked, id=249707, stack(0x000000030aa00000,0x000000030ac00000)]
  0x00007feb12336000 JavaThread "Surrogate Locker Thread (Concurrent GC)" daemon [_thread_blocked, id=59211, stack(0x000000030a7fd000,0x000000030a9fd000)]
  0x00007feaf30c2800 JavaThread "Finalizer" daemon [_thread_blocked, id=249443, stack(0x000000030a5fa000,0x000000030a7fa000)]
  0x00007feaf302d800 JavaThread "Reference Handler" daemon [_thread_blocked, id=244267, stack(0x000000030a3f7000,0x000000030a5f7000)]
=>0x00007feb1239b000 JavaThread "main" [_thread_in_native, id=259, stack(0x0000000307071000,0x0000000307871000)]

Other Threads:
  0x00007feb122aa800 VMThread [stack: 0x000000030a2f4000,0x000000030a3f4000] [id=243771]
  0x00007feaf3018000 WatcherThread [stack: 0x000000030b212000,0x000000030b312000] [id=136611]

VM state:not at safepoint (normal execution)

VM Mutex/Monitor currently owned by a thread: None

Heap:
 par new generation   total 4992K, used 0K [0x00000007a8000000, 0x00000007a8560000, 0x00000007b0000000)
  eden space 4480K,   0% used [0x00000007a8000000, 0x00000007a8000000, 0x00000007a8460000)
  from space 512K,   0% used [0x00000007a8460000, 0x00000007a8460000, 0x00000007a84e0000)
  to   space 512K,   0% used [0x00000007a84e0000, 0x00000007a84e0000, 0x00000007a8560000)
 concurrent mark-sweep generation total 10944K, used 543K [0x00000007b0000000, 0x00000007b0ab0000, 0x00000007c0000000)
 Metaspace       used 3252K, capacity 4728K, committed 4864K, reserved 1056768K
  class space    used 335K, capacity 424K, committed 512K, reserved 1048576K

Card table byte_map: [0x00000001214b8000,0x0000000121579000] byte_map_base: 0x000000011d778000

Marking Bits: (CMSBitMap*) 0x00007feb122c5b48
 Bits: [0x000000012bf3e000, 0x000000012c33e000)

Mod Union Table: (CMSBitMap*) 0x00007feb122c5c08
 Bits: [0x0000000110fdb000, 0x0000000110feb000)

Polling page: 0x000000010dd33000

CodeCache: size=245760Kb used=1899Kb max_used=2098Kb free=243860Kb
 bounds [0x0000000136c77000, 0x0000000136ee7000, 0x0000000145c77000]
 total_blobs=538 nmethods=292 adapters=162
 compilation: enabled

Compilation events (10 events):
Event: 389.806 Thread 0x00007feaf30dc000  337   !   4       com.stata.StImportDelimited::processFile (387 bytes)
Event: 389.836 Thread 0x00007feaf30dc000 nmethod 337 0x0000000136e26b10 code [0x0000000136e26f20, 0x0000000136e2a110]
Event: 746.301 Thread 0x00007feaf3044000  340       1       com.stata.csvparser.CSVParser::getTokenizer (5 bytes)
Event: 746.311 Thread 0x00007feaf3044000 nmethod 340 0x0000000136dbaf90 code [0x0000000136dbb0e0, 0x0000000136dbb1f0]
Event: 3694.768 Thread 0x00007feaf3044000  341       3       java.lang.String::getBytes (27 bytes)
Event: 3694.778 Thread 0x00007feaf3044000 nmethod 341 0x0000000136db9ed0 code [0x0000000136dba060, 0x0000000136dba2d8]
Event: 3694.779 Thread 0x00007feaf3044000  342       3       java.lang.String::<init> (10 bytes)
Event: 3694.779 Thread 0x00007feaf3044000 nmethod 342 0x0000000136dbab50 code [0x0000000136dbacc0, 0x0000000136dbae68]
Event: 3694.903 Thread 0x00007feb121f6000  343       4       java.lang.String::getBytes (27 bytes)
Event: 3694.913 Thread 0x00007feb121f6000 nmethod 343 0x0000000136dcc690 code [0x0000000136dcc7e0, 0x0000000136dcc8a8]

GC Heap History (10 events):
Event: 540580.446 GC heap before
{Heap before GC invocations=489 (full 9):
 par new generation   total 4992K, used 0K [0x00000007a8000000, 0x00000007a8560000, 0x00000007b0000000)
  eden space 4480K,   0% used [0x00000007a8000000, 0x00000007a8000000, 0x00000007a8460000)
  from space 512K,   0% used [0x00000007a8460000, 0x00000007a8460000, 0x00000007a84e0000)
  to   space 512K,   0% used [0x00000007a84e0000, 0x00000007a84e0000, 0x00000007a8560000)
 concurrent mark-sweep generation total 10944K, used 543K [0x00000007b0000000, 0x00000007b0ab0000, 0x00000007c0000000)
 Metaspace       used 3252K, capacity 4728K, committed 4864K, reserved 1056768K
  class space    used 335K, capacity 424K, committed 512K, reserved 1048576K
Event: 540580.448 GC heap after
Heap after GC invocations=490 (full 10):
 par new generation   total 4992K, used 0K [0x00000007a8000000, 0x00000007a8560000, 0x00000007b0000000)
  eden space 4480K,   0% used [0x00000007a8000000, 0x00000007a8000000, 0x00000007a8460000)
  from space 512K,   0% used [0x00000007a8460000, 0x00000007a8460000, 0x00000007a84e0000)
  to   space 512K,   0% used [0x00000007a84e0000, 0x00000007a84e0000, 0x00000007a8560000)
 concurrent mark-sweep generation total 10944K, used 543K [0x00000007b0000000, 0x00000007b0ab0000, 0x00000007c0000000)
 Metaspace       used 3252K, capacity 4728K, committed 4864K, reserved 1056768K
  class space    used 335K, capacity 424K, committed 512K, reserved 1048576K
}
Event: 541406.823 GC heap before
{Heap before GC invocations=490 (full 10):
 par new generation   total 4992K, used 0K [0x00000007a8000000, 0x00000007a8560000, 0x00000007b0000000)
  eden space 4480K,   0% used [0x00000007a8000000, 0x00000007a8000000, 0x00000007a8460000)
  from space 512K,   0% used [0x00000007a8460000, 0x00000007a8460000, 0x00000007a84e0000)
  to   space 512K,   0% used [0x00000007a84e0000, 0x00000007a84e0000, 0x00000007a8560000)
 concurrent mark-sweep generation total 10944K, used 543K [0x00000007b0000000, 0x00000007b0ab0000, 0x00000007c0000000)
 Metaspace       used 3252K, capacity 4728K, committed 4864K, reserved 1056768K
  class space    used 335K, capacity 424K, committed 512K, reserved 1048576K
Event: 541406.844 GC heap after
Heap after GC invocations=491 (full 11):
 par new generation   total 4992K, used 0K [0x00000007a8000000, 0x00000007a8560000, 0x00000007b0000000)
  eden space 4480K,   0% used [0x00000007a8000000, 0x00000007a8000000, 0x00000007a8460000)
  from space 512K,   0% used [0x00000007a8460000, 0x00000007a8460000, 0x00000007a84e0000)
  to   space 512K,   0% used [0x00000007a84e0000, 0x00000007a84e0000, 0x00000007a8560000)
 concurrent mark-sweep generation total 10944K, used 543K [0x00000007b0000000, 0x00000007b0ab0000, 0x00000007c0000000)
 Metaspace       used 3252K, capacity 4728K, committed 4864K, reserved 1056768K
  class space    used 335K, capacity 424K, committed 512K, reserved 1048576K
}
Event: 541406.845 GC heap before
{Heap before GC invocations=491 (full 11):
 par new generation   total 4992K, used 0K [0x00000007a8000000, 0x00000007a8560000, 0x00000007b0000000)
  eden space 4480K,   0% used [0x00000007a8000000, 0x00000007a8000000, 0x00000007a8460000)
  from space 512K,   0% used [0x00000007a8460000, 0x00000007a8460000, 0x00000007a84e0000)
  to   space 512K,   0% used [0x00000007a84e0000, 0x00000007a84e0000, 0x00000007a8560000)
 concurrent mark-sweep generation total 10944K, used 543K [0x00000007b0000000, 0x00000007b0ab0000, 0x00000007c0000000)
 Metaspace       used 3252K, capacity 4728K, committed 4864K, reserved 1056768K
  class space    used 335K, capacity 424K, committed 512K, reserved 1048576K
Event: 541406.847 GC heap after
Heap after GC invocations=492 (full 12):
 par new generation   total 4992K, used 0K [0x00000007a8000000, 0x00000007a8560000, 0x00000007b0000000)
  eden space 4480K,   0% used [0x00000007a8000000, 0x00000007a8000000, 0x00000007a8460000)
  from space 512K,   0% used [0x00000007a8460000, 0x00000007a8460000, 0x00000007a84e0000)
  to   space 512K,   0% used [0x00000007a84e0000, 0x00000007a84e0000, 0x00000007a8560000)
 concurrent mark-sweep generation total 10944K, used 543K [0x00000007b0000000, 0x00000007b0ab0000, 0x00000007c0000000)
 Metaspace       used 3252K, capacity 4728K, committed 4864K, reserved 1056768K
  class space    used 335K, capacity 424K, committed 512K, reserved 1048576K
}
Event: 541693.266 GC heap before
{Heap before GC invocations=492 (full 12):
 par new generation   total 4992K, used 0K [0x00000007a8000000, 0x00000007a8560000, 0x00000007b0000000)
  eden space 4480K,   0% used [0x00000007a8000000, 0x00000007a8000000, 0x00000007a8460000)
  from space 512K,   0% used [0x00000007a8460000, 0x00000007a8460000, 0x00000007a84e0000)
  to   space 512K,   0% used [0x00000007a84e0000, 0x00000007a84e0000, 0x00000007a8560000)
 concurrent mark-sweep generation total 10944K, used 543K [0x00000007b0000000, 0x00000007b0ab0000, 0x00000007c0000000)
 Metaspace       used 3252K, capacity 4728K, committed 4864K, reserved 1056768K
  class space    used 335K, capacity 424K, committed 512K, reserved 1048576K
Event: 541693.301 GC heap after
Heap after GC invocations=493 (full 13):
 par new generation   total 4992K, used 0K [0x00000007a8000000, 0x00000007a8560000, 0x00000007b0000000)
  eden space 4480K,   0% used [0x00000007a8000000, 0x00000007a8000000, 0x00000007a8460000)
  from space 512K,   0% used [0x00000007a8460000, 0x00000007a8460000, 0x00000007a84e0000)
  to   space 512K,   0% used [0x00000007a84e0000, 0x00000007a84e0000, 0x00000007a8560000)
 concurrent mark-sweep generation total 10944K, used 543K [0x00000007b0000000, 0x00000007b0ab0000, 0x00000007c0000000)
 Metaspace       used 3252K, capacity 4728K, committed 4864K, reserved 1056768K
  class space    used 335K, capacity 424K, committed 512K, reserved 1048576K
}
Event: 541693.301 GC heap before
{Heap before GC invocations=493 (full 13):
 par new generation   total 4992K, used 0K [0x00000007a8000000, 0x00000007a8560000, 0x00000007b0000000)
  eden space 4480K,   0% used [0x00000007a8000000, 0x00000007a8000000, 0x00000007a8460000)
  from space 512K,   0% used [0x00000007a8460000, 0x00000007a8460000, 0x00000007a84e0000)
  to   space 512K,   0% used [0x00000007a84e0000, 0x00000007a84e0000, 0x00000007a8560000)
 concurrent mark-sweep generation total 10944K, used 543K [0x00000007b0000000, 0x00000007b0ab0000, 0x00000007c0000000)
 Metaspace       used 3252K, capacity 4728K, committed 4864K, reserved 1056768K
  class space    used 335K, capacity 424K, committed 512K, reserved 1048576K
Event: 541693.303 GC heap after
Heap after GC invocations=494 (full 14):
 par new generation   total 4992K, used 0K [0x00000007a8000000, 0x00000007a8560000, 0x00000007b0000000)
  eden space 4480K,   0% used [0x00000007a8000000, 0x00000007a8000000, 0x00000007a8460000)
  from space 512K,   0% used [0x00000007a8460000, 0x00000007a8460000, 0x00000007a84e0000)
  to   space 512K,   0% used [0x00000007a84e0000, 0x00000007a84e0000, 0x00000007a8560000)
 concurrent mark-sweep generation total 10944K, used 543K [0x00000007b0000000, 0x00000007b0ab0000, 0x00000007c0000000)
 Metaspace       used 3252K, capacity 4728K, committed 4864K, reserved 1056768K
  class space    used 335K, capacity 424K, committed 512K, reserved 1048576K
}

Deoptimization events (2 events):
Event: 3694.754 Thread 0x00007feb1239b000 Uncommon trap: reason=unreached action=reinterpret pc=0x0000000136e4feec method=java.lang.ref.SoftReference.get()Ljava/lang/Object; @ 6
Event: 3694.757 Thread 0x00007feb1239b000 Uncommon trap: reason=unreached action=reinterpret pc=0x0000000136e22c28 method=java.lang.ref.SoftReference.get()Ljava/lang/Object; @ 6

Internal exceptions (10 events):
Event: 0.296 Thread 0x00007feb1239b000 Exception <a 'java/security/PrivilegedActionException'> (0x00000007a8102718) thrown at [/Users/java_re/workspace/8-2-build-macosx-x86_64/jdk8u31/2394/hotspot/src/share/vm/prims/jvm.cpp, line 1312]
Event: 0.299 Thread 0x00007feb1239b000 Exception <a 'java/security/PrivilegedActionException'> (0x00000007a8105c48) thrown at [/Users/java_re/workspace/8-2-build-macosx-x86_64/jdk8u31/2394/hotspot/src/share/vm/prims/jvm.cpp, line 1312]
Event: 0.300 Thread 0x00007feb1239b000 Exception <a 'java/security/PrivilegedActionException'> (0x00000007a810f870) thrown at [/Users/java_re/workspace/8-2-build-macosx-x86_64/jdk8u31/2394/hotspot/src/share/vm/prims/jvm.cpp, line 1312]
Event: 0.303 Thread 0x00007feb1239b000 Exception <a 'java/security/PrivilegedActionException'> (0x00000007a8113e70) thrown at [/Users/java_re/workspace/8-2-build-macosx-x86_64/jdk8u31/2394/hotspot/src/share/vm/prims/jvm.cpp, line 1312]
Event: 0.305 Thread 0x00007feb1239b000 Exception <a 'java/security/PrivilegedActionException'> (0x00000007a811ee48) thrown at [/Users/java_re/workspace/8-2-build-macosx-x86_64/jdk8u31/2394/hotspot/src/share/vm/prims/jvm.cpp, line 1312]
Event: 0.307 Thread 0x00007feb1239b000 Exception <a 'java/security/PrivilegedActionException'> (0x00000007a8122eb8) thrown at [/Users/java_re/workspace/8-2-build-macosx-x86_64/jdk8u31/2394/hotspot/src/share/vm/prims/jvm.cpp, line 1312]
Event: 0.308 Thread 0x00007feb1239b000 Exception <a 'java/security/PrivilegedActionException'> (0x00000007a812b138) thrown at [/Users/java_re/workspace/8-2-build-macosx-x86_64/jdk8u31/2394/hotspot/src/share/vm/prims/jvm.cpp, line 1312]
Event: 59.439 Thread 0x00007feb1239b000 Exception <a 'java/security/PrivilegedActionException'> (0x00000007a844b470) thrown at [/Users/java_re/workspace/8-2-build-macosx-x86_64/jdk8u31/2394/hotspot/src/share/vm/prims/jvm.cpp, line 1312]
Event: 3694.753 Thread 0x00007feb1239b000 Implicit null exception at 0x0000000136e4f891 to 0x0000000136e4fecd
Event: 3694.757 Thread 0x00007feb1239b000 Implicit null exception at 0x0000000136e22488 to 0x0000000136e22c09

Events (10 events):
Event: 540580.446 Executing VM operation: GenCollectFull
Event: 540580.448 Executing VM operation: GenCollectFull done
Event: 541406.821 Executing VM operation: GenCollectFull
Event: 541406.844 Executing VM operation: GenCollectFull done
Event: 541406.845 Executing VM operation: GenCollectFull
Event: 541406.847 Executing VM operation: GenCollectFull done
Event: 541693.264 Executing VM operation: GenCollectFull
Event: 541693.301 Executing VM operation: GenCollectFull done
Event: 541693.301 Executing VM operation: GenCollectFull
Event: 541693.303 Executing VM operation: GenCollectFull done


Dynamic libraries:
0x000000010da79000 	/Applications/Stata/StataMP.app/Contents/Frameworks/Scintilla.framework/Versions/A/Scintilla
0x0000000007648000 	/System/Library/Frameworks/ApplicationServices.framework/Versions/A/ApplicationServices
0x0000000007648000 	/System/Library/Frameworks/CoreGraphics.framework/Versions/A/CoreGraphics
0x0000000007648000 	/System/Library/Frameworks/CoreText.framework/Versions/A/CoreText
0x0000000007648000 	/System/Library/Frameworks/ImageIO.framework/Versions/A/ImageIO
0x0000000007648000 	/System/Library/Frameworks/ColorSync.framework/Versions/A/ColorSync
0x0000000007648000 	/System/Library/Frameworks/ApplicationServices.framework/Versions/A/Frameworks/ATS.framework/Versions/A/ATS
0x0000000007648000 	/System/Library/Frameworks/CoreServices.framework/Versions/A/CoreServices
0x0000000007648000 	/System/Library/Frameworks/ApplicationServices.framework/Versions/A/Frameworks/HIServices.framework/Versions/A/HIServices
0x0000000007648000 	/System/Library/Frameworks/ApplicationServices.framework/Versions/A/Frameworks/PrintCore.framework/Versions/A/PrintCore
0x0000000007648000 	/System/Library/Frameworks/ApplicationServices.framework/Versions/A/Frameworks/QD.framework/Versions/A/QD
0x0000000007648000 	/System/Library/Frameworks/ApplicationServices.framework/Versions/A/Frameworks/ColorSyncLegacy.framework/Versions/A/ColorSyncLegacy
0x0000000007648000 	/System/Library/Frameworks/ApplicationServices.framework/Versions/A/Frameworks/SpeechSynthesis.framework/Versions/A/SpeechSynthesis
0x0000000007648000 	/usr/lib/libSystem.B.dylib
0x0000000007648000 	/System/Library/PrivateFrameworks/SkyLight.framework/Versions/A/SkyLight
0x0000000007648000 	/System/Library/PrivateFrameworks/CoreAnalytics.framework/Versions/A/CoreAnalytics
0x0000000007648000 	/System/Library/PrivateFrameworks/FontServices.framework/libFontParser.dylib
0x0000000007648000 	/System/Library/Frameworks/Accelerate.framework/Versions/A/Accelerate
0x0000000007648000 	/System/Library/Frameworks/IOSurface.framework/Versions/A/IOSurface
0x0000000007648000 	/usr/lib/libxml2.2.dylib
0x0000000007648000 	/System/Library/Frameworks/CFNetwork.framework/Versions/A/CFNetwork
0x0000000007648000 	/System/Library/Frameworks/CoreFoundation.framework/Versions/A/CoreFoundation
0x0000000007648000 	/usr/lib/libz.1.dylib
0x0000000007648000 	/System/Library/Frameworks/Foundation.framework/Versions/C/Foundation
0x0000000007648000 	/usr/lib/libobjc.A.dylib
0x0000000007648000 	/usr/lib/libc++.1.dylib
0x0000000007648000 	/System/Library/PrivateFrameworks/RunningBoardServices.framework/Versions/A/RunningBoardServices
0x0000000007648000 	/usr/lib/libMobileGestalt.dylib
0x0000000007648000 	/System/Library/PrivateFrameworks/IOSurfaceAccelerator.framework/Versions/A/IOSurfaceAccelerator
0x0000000007648000 	/System/Library/PrivateFrameworks/WatchdogClient.framework/Versions/A/WatchdogClient
0x0000000007648000 	/usr/lib/libcompression.dylib
0x0000000007648000 	/usr/lib/libDiagnosticMessagesClient.dylib
0x0000000007648000 	/System/Library/Frameworks/SystemConfiguration.framework/Versions/A/SystemConfiguration
0x0000000007648000 	/System/Library/Frameworks/CoreDisplay.framework/Versions/A/CoreDisplay
0x0000000007648000 	/System/Library/PrivateFrameworks/IOMobileFramebuffer.framework/Versions/A/IOMobileFramebuffer
0x0000000007648000 	/System/Library/Frameworks/CoreMedia.framework/Versions/A/CoreMedia
0x0000000007648000 	/System/Library/PrivateFrameworks/IOAccelerator.framework/Versions/A/IOAccelerator
0x0000000007648000 	/System/Library/Frameworks/IOKit.framework/Versions/A/IOKit
0x0000000007648000 	/System/Library/Frameworks/Metal.framework/Versions/A/Metal
0x0000000007648000 	/System/Library/Frameworks/CoreVideo.framework/Versions/A/CoreVideo
0x0000000007648000 	/System/Library/Frameworks/MetalPerformanceShaders.framework/Versions/A/MetalPerformanceShaders
0x0000000007648000 	/System/Library/PrivateFrameworks/MultitouchSupport.framework/Versions/A/MultitouchSupport
0x0000000007648000 	/System/Library/Frameworks/Security.framework/Versions/A/Security
0x0000000007648000 	/System/Library/Frameworks/QuartzCore.framework/Versions/A/QuartzCore
0x0000000007648000 	/usr/lib/libbsm.0.dylib
0x0000000007648000 	/System/Library/PrivateFrameworks/SoftLinking.framework/Versions/A/SoftLinking
0x0000000007648000 	/System/Library/Frameworks/VideoToolbox.framework/Versions/A/VideoToolbox
0x0000000007648000 	/System/Library/PrivateFrameworks/BaseBoard.framework/Versions/A/BaseBoard
0x0000000007648000 	/System/Library/Frameworks/CoreServices.framework/Versions/A/Frameworks/FSEvents.framework/Versions/A/FSEvents
0x0000000007648000 	/System/Library/Frameworks/CoreServices.framework/Versions/A/Frameworks/CarbonCore.framework/Versions/A/CarbonCore
0x0000000007648000 	/System/Library/Frameworks/CoreServices.framework/Versions/A/Frameworks/Metadata.framework/Versions/A/Metadata
0x0000000007648000 	/System/Library/Frameworks/CoreServices.framework/Versions/A/Frameworks/OSServices.framework/Versions/A/OSServices
0x0000000007648000 	/System/Library/Frameworks/CoreServices.framework/Versions/A/Frameworks/SearchKit.framework/Versions/A/SearchKit
0x0000000007648000 	/System/Library/Frameworks/CoreServices.framework/Versions/A/Frameworks/AE.framework/Versions/A/AE
0x0000000007648000 	/System/Library/Frameworks/CoreServices.framework/Versions/A/Frameworks/LaunchServices.framework/Versions/A/LaunchServices
0x0000000007648000 	/System/Library/Frameworks/CoreServices.framework/Versions/A/Frameworks/DictionaryServices.framework/Versions/A/DictionaryServices
0x0000000007648000 	/System/Library/Frameworks/CoreServices.framework/Versions/A/Frameworks/SharedFileList.framework/Versions/A/SharedFileList
0x0000000007648000 	/usr/lib/libapple_nghttp2.dylib
0x0000000007648000 	/usr/lib/libicucore.A.dylib
0x0000000007648000 	/usr/lib/libnetwork.dylib
0x0000000007648000 	/usr/lib/libsqlite3.dylib
0x0000000007648000 	/System/Library/Frameworks/Network.framework/Versions/A/Network
0x0000000007648000 	/System/Library/PrivateFrameworks/CoreServicesInternal.framework/Versions/A/CoreServicesInternal
0x0000000007648000 	/usr/lib/liboah.dylib
0x0000000007648000 	/usr/lib/libfakelink.dylib
0x0000000007648000 	/usr/lib/libc++abi.dylib
0x0000000007648000 	/usr/lib/system/libcache.dylib
0x0000000007648000 	/usr/lib/system/libcommonCrypto.dylib
0x0000000007648000 	/usr/lib/system/libcompiler_rt.dylib
0x0000000007648000 	/usr/lib/system/libcopyfile.dylib
0x0000000007648000 	/usr/lib/system/libcorecrypto.dylib
0x0000000007648000 	/usr/lib/system/libdispatch.dylib
0x0000000007648000 	/usr/lib/system/libdyld.dylib
0x0000000007648000 	/usr/lib/system/libkeymgr.dylib
0x0000000007648000 	/usr/lib/system/libmacho.dylib
0x0000000007648000 	/usr/lib/system/libquarantine.dylib
0x0000000007648000 	/usr/lib/system/libremovefile.dylib
0x0000000007648000 	/usr/lib/system/libsystem_asl.dylib
0x0000000007648000 	/usr/lib/system/libsystem_blocks.dylib
0x0000000007648000 	/usr/lib/system/libsystem_c.dylib
0x0000000007648000 	/usr/lib/system/libsystem_collections.dylib
0x0000000007648000 	/usr/lib/system/libsystem_configuration.dylib
0x0000000007648000 	/usr/lib/system/libsystem_containermanager.dylib
0x0000000007648000 	/usr/lib/system/libsystem_coreservices.dylib
0x0000000007648000 	/usr/lib/system/libsystem_darwin.dylib
0x0000000007648000 	/usr/lib/system/libsystem_dnssd.dylib
0x0000000007648000 	/usr/lib/system/libsystem_featureflags.dylib
0x0000000007648000 	/usr/lib/system/libsystem_info.dylib
0x0000000007648000 	/usr/lib/system/libsystem_m.dylib
0x0000000007648000 	/usr/lib/system/libsystem_malloc.dylib
0x0000000007648000 	/usr/lib/system/libsystem_networkextension.dylib
0x0000000007648000 	/usr/lib/system/libsystem_notify.dylib
0x0000000007648000 	/usr/lib/system/libsystem_sandbox.dylib
0x0000000007648000 	/usr/lib/system/libsystem_secinit.dylib
0x0000000007648000 	/usr/lib/system/libsystem_kernel.dylib
0x0000000007648000 	/usr/lib/system/libsystem_platform.dylib
0x0000000007648000 	/usr/lib/system/libsystem_pthread.dylib
0x0000000007648000 	/usr/lib/system/libsystem_symptoms.dylib
0x0000000007648000 	/usr/lib/system/libsystem_trace.dylib
0x0000000007648000 	/usr/lib/system/libunwind.dylib
0x0000000007648000 	/usr/lib/system/libxpc.dylib
0x0000000007648000 	/usr/lib/libenergytrace.dylib
0x0000000007648000 	/usr/lib/system/libkxld.dylib
0x0000000007648000 	/usr/lib/libCoreEntitlements.dylib
0x0000000007648000 	/System/Library/PrivateFrameworks/MessageSecurity.framework/Versions/A/MessageSecurity
0x0000000007648000 	/System/Library/PrivateFrameworks/ProtocolBuffer.framework/Versions/A/ProtocolBuffer
0x0000000007648000 	/System/Library/PrivateFrameworks/AppleFSCompression.framework/Versions/A/AppleFSCompression
0x0000000007648000 	/usr/lib/libcoretls.dylib
0x0000000007648000 	/usr/lib/libcoretls_cfhelpers.dylib
0x0000000007648000 	/usr/lib/libpam.2.dylib
0x0000000007648000 	/usr/lib/libxar.1.dylib
0x0000000007648000 	/System/Library/PrivateFrameworks/CoreAutoLayout.framework/Versions/A/CoreAutoLayout
0x0000000007648000 	/System/Library/Frameworks/DiskArbitration.framework/Versions/A/DiskArbitration
0x0000000007648000 	/usr/lib/libarchive.2.dylib
0x0000000007648000 	/usr/lib/liblangid.dylib
0x0000000007648000 	/System/Library/Frameworks/Combine.framework/Versions/A/Combine
0x0000000007648000 	/usr/lib/swift/libswiftCore.dylib
0x0000000007648000 	/usr/lib/swift/libswiftCoreFoundation.dylib
0x0000000007648000 	/usr/lib/swift/libswiftDarwin.dylib
0x0000000007648000 	/usr/lib/swift/libswiftDispatch.dylib
0x0000000007648000 	/usr/lib/swift/libswiftIOKit.dylib
0x0000000007648000 	/usr/lib/swift/libswiftObjectiveC.dylib
0x0000000007648000 	/usr/lib/swift/libswiftXPC.dylib
0x0000000007648000 	/usr/lib/swift/libswift_Concurrency.dylib
0x0000000007648000 	/usr/lib/swift/libswift_StringProcessing.dylib
0x0000000007648000 	/usr/lib/swift/libswiftos.dylib
0x0000000007648000 	/System/Library/PrivateFrameworks/AppleSystemInfo.framework/Versions/A/AppleSystemInfo
0x0000000007648000 	/usr/lib/libpcap.A.dylib
0x0000000007648000 	/usr/lib/libdns_services.dylib
0x0000000007648000 	/usr/lib/liblzma.5.dylib
0x0000000007648000 	/usr/lib/libbz2.1.0.dylib
0x0000000007648000 	/usr/lib/libiconv.2.dylib
0x0000000007648000 	/usr/lib/libcharset.1.dylib
0x0000000007648000 	/usr/lib/swift/libswift_RegexParser.dylib
0x0000000007648000 	/usr/lib/libheimdal-asn1.dylib
0x0000000007648000 	/usr/lib/libCheckFix.dylib
0x0000000007648000 	/System/Library/PrivateFrameworks/TCC.framework/Versions/A/TCC
0x0000000007648000 	/System/Library/PrivateFrameworks/CoreNLP.framework/Versions/A/CoreNLP
0x0000000007648000 	/System/Library/PrivateFrameworks/MetadataUtilities.framework/Versions/A/MetadataUtilities
0x0000000007648000 	/usr/lib/libmecab.dylib
0x0000000007648000 	/usr/lib/libCRFSuite.dylib
0x0000000007648000 	/usr/lib/libgermantok.dylib
0x0000000007648000 	/usr/lib/libThaiTokenizer.dylib
0x0000000007648000 	/System/Library/Frameworks/Accelerate.framework/Versions/A/Frameworks/vImage.framework/Versions/A/vImage
0x0000000007648000 	/System/Library/Frameworks/Accelerate.framework/Versions/A/Frameworks/vecLib.framework/Versions/A/vecLib
0x0000000007648000 	/System/Library/Frameworks/Accelerate.framework/Versions/A/Frameworks/vecLib.framework/Versions/A/libvMisc.dylib
0x0000000007648000 	/System/Library/Frameworks/Accelerate.framework/Versions/A/Frameworks/vecLib.framework/Versions/A/libvDSP.dylib
0x0000000007648000 	/System/Library/Frameworks/Accelerate.framework/Versions/A/Frameworks/vecLib.framework/Versions/A/libBLAS.dylib
0x0000000007648000 	/System/Library/Frameworks/Accelerate.framework/Versions/A/Frameworks/vecLib.framework/Versions/A/libLAPACK.dylib
0x0000000007648000 	/System/Library/Frameworks/Accelerate.framework/Versions/A/Frameworks/vecLib.framework/Versions/A/libLinearAlgebra.dylib
0x0000000007648000 	/System/Library/Frameworks/Accelerate.framework/Versions/A/Frameworks/vecLib.framework/Versions/A/libSparseBLAS.dylib
0x0000000007648000 	/System/Library/Frameworks/Accelerate.framework/Versions/A/Frameworks/vecLib.framework/Versions/A/libQuadrature.dylib
0x0000000007648000 	/System/Library/Frameworks/Accelerate.framework/Versions/A/Frameworks/vecLib.framework/Versions/A/libBNNS.dylib
0x0000000007648000 	/System/Library/Frameworks/Accelerate.framework/Versions/A/Frameworks/vecLib.framework/Versions/A/libSparse.dylib
0x0000000007648000 	/System/Library/PrivateFrameworks/MIL.framework/Versions/A/MIL
0x0000000007648000 	/System/Library/Frameworks/OpenDirectory.framework/Versions/A/Frameworks/CFOpenDirectory.framework/Versions/A/CFOpenDirectory
0x0000000007648000 	/System/Library/Frameworks/OpenDirectory.framework/Versions/A/OpenDirectory
0x0000000007648000 	/System/Library/PrivateFrameworks/APFS.framework/Versions/A/APFS
0x0000000007648000 	/System/Library/Frameworks/SecurityFoundation.framework/Versions/A/SecurityFoundation
0x0000000007648000 	/usr/lib/libutil.dylib
0x0000000007648000 	/System/Library/PrivateFrameworks/InstalledContentLibrary.framework/Versions/A/InstalledContentLibrary
0x0000000007648000 	/System/Library/PrivateFrameworks/CoreServicesStore.framework/Versions/A/CoreServicesStore
0x0000000007648000 	/usr/lib/libapp_launch_measurement.dylib
0x0000000007648000 	/System/Library/PrivateFrameworks/AppleMobileFileIntegrity.framework/Versions/A/AppleMobileFileIntegrity
0x0000000007648000 	/usr/lib/libmis.dylib
0x0000000007648000 	/System/Library/PrivateFrameworks/MobileSystemServices.framework/Versions/A/MobileSystemServices
0x0000000007648000 	/System/Library/PrivateFrameworks/ConfigProfileHelper.framework/Versions/A/ConfigProfileHelper
0x0000000007648000 	/System/Library/PrivateFrameworks/AppleSauce.framework/Versions/A/AppleSauce
0x0000000007648000 	/System/Library/PrivateFrameworks/LanguageModeling.framework/Versions/A/LanguageModeling
0x0000000007648000 	/usr/lib/libxslt.1.dylib
0x0000000007648000 	/usr/lib/libcmph.dylib
0x0000000007648000 	/System/Library/PrivateFrameworks/CoreEmoji.framework/Versions/A/CoreEmoji
0x0000000007648000 	/System/Library/PrivateFrameworks/LinguisticData.framework/Versions/A/LinguisticData
0x0000000007648000 	/System/Library/PrivateFrameworks/Lexicon.framework/Versions/A/Lexicon
0x0000000007648000 	/System/Library/PrivateFrameworks/BackgroundTaskManagement.framework/Versions/A/BackgroundTaskManagement
0x0000000007648000 	/usr/lib/libTLE.dylib
0x0000000007648000 	/System/Library/PrivateFrameworks/AppleJPEG.framework/Versions/A/AppleJPEG
0x0000000007648000 	/usr/lib/libexpat.1.dylib
0x0000000007648000 	/System/Library/Frameworks/ImageIO.framework/Versions/A/Resources/libPng.dylib
0x0000000007648000 	/System/Library/Frameworks/ImageIO.framework/Versions/A/Resources/libTIFF.dylib
0x0000000007648000 	/System/Library/Frameworks/ImageIO.framework/Versions/A/Resources/libGIF.dylib
0x0000000007648000 	/System/Library/Frameworks/ImageIO.framework/Versions/A/Resources/libJP2.dylib
0x0000000007648000 	/usr/lib/libate.dylib
0x0000000007648000 	/System/Library/Frameworks/ImageIO.framework/Versions/A/Resources/libJPEG.dylib
0x0000000007648000 	/System/Library/Frameworks/ImageIO.framework/Versions/A/Resources/libRadiance.dylib
0x0000000007648000 	/System/Library/PrivateFrameworks/GPUWrangler.framework/Versions/A/GPUWrangler
0x0000000007648000 	/System/Library/PrivateFrameworks/IOPresentment.framework/Versions/A/IOPresentment
0x0000000007648000 	/System/Library/PrivateFrameworks/DSExternalDisplay.framework/Versions/A/DSExternalDisplay
0x0000000007648000 	/System/Library/PrivateFrameworks/GPUCompiler.framework/Versions/31001/Libraries/libllvm-flatbuffers.dylib
0x0000000007648000 	/System/Library/Frameworks/OpenGL.framework/Versions/A/Libraries/libCoreFSCache.dylib
0x0000000007648000 	/System/Library/PrivateFrameworks/GPUCompiler.framework/Versions/31001/Libraries/libGPUCompilerUtils.dylib
0x0000000007648000 	/System/Library/PrivateFrameworks/CMCaptureCore.framework/Versions/A/CMCaptureCore
0x0000000007648000 	/usr/lib/libspindump.dylib
0x0000000007648000 	/System/Library/Frameworks/CoreAudio.framework/Versions/A/CoreAudio
0x0000000007648000 	/System/Library/Frameworks/ExtensionFoundation.framework/Versions/A/ExtensionFoundation
0x0000000007648000 	/System/Library/PrivateFrameworks/CoreTime.framework/Versions/A/CoreTime
0x0000000007648000 	/System/Library/PrivateFrameworks/AppServerSupport.framework/Versions/A/AppServerSupport
0x0000000007648000 	/System/Library/PrivateFrameworks/perfdata.framework/Versions/A/perfdata
0x0000000007648000 	/System/Library/PrivateFrameworks/AudioToolboxCore.framework/Versions/A/AudioToolboxCore
0x0000000007648000 	/System/Library/PrivateFrameworks/caulk.framework/Versions/A/caulk
0x0000000007648000 	/usr/lib/libAudioStatistics.dylib
0x0000000007648000 	/System/Library/PrivateFrameworks/SystemPolicy.framework/Versions/A/SystemPolicy
0x0000000007648000 	/usr/lib/libSMC.dylib
0x0000000007648000 	/System/Library/Frameworks/CoreMIDI.framework/Versions/A/CoreMIDI
0x0000000007648000 	/usr/lib/libAudioToolboxUtility.dylib
0x0000000007648000 	/System/Library/PrivateFrameworks/OSAServicesClient.framework/Versions/A/OSAServicesClient
0x0000000007648000 	/usr/lib/libperfcheck.dylib
0x0000000007648000 	/System/Library/PrivateFrameworks/PlugInKit.framework/Versions/A/PlugInKit
0x0000000007648000 	/System/Library/PrivateFrameworks/AssertionServices.framework/Versions/A/AssertionServices
0x0000000007648000 	/System/Library/Frameworks/OpenGL.framework/Versions/A/OpenGL
0x0000000007648000 	/System/Library/Frameworks/OpenGL.framework/Versions/A/Libraries/libGLU.dylib
0x0000000007648000 	/System/Library/Frameworks/OpenGL.framework/Versions/A/Libraries/libGFXShared.dylib
0x0000000007648000 	/System/Library/Frameworks/OpenGL.framework/Versions/A/Libraries/libGL.dylib
0x0000000007648000 	/System/Library/Frameworks/OpenGL.framework/Versions/A/Libraries/libGLImage.dylib
0x0000000007648000 	/System/Library/Frameworks/OpenGL.framework/Versions/A/Libraries/libCVMSPluginSupport.dylib
0x0000000007648000 	/usr/lib/libRosetta.dylib
0x0000000007648000 	/System/Library/Frameworks/OpenGL.framework/Versions/A/Libraries/libCoreVMClient.dylib
0x0000000007648000 	/System/Library/Frameworks/MetalPerformanceShaders.framework/Versions/A/Frameworks/MPSCore.framework/Versions/A/MPSCore
0x0000000007648000 	/System/Library/Frameworks/MetalPerformanceShaders.framework/Versions/A/Frameworks/MPSImage.framework/Versions/A/MPSImage
0x0000000007648000 	/System/Library/Frameworks/MetalPerformanceShaders.framework/Versions/A/Frameworks/MPSNeuralNetwork.framework/Versions/A/MPSNeuralNetwork
0x0000000007648000 	/System/Library/Frameworks/MetalPerformanceShaders.framework/Versions/A/Frameworks/MPSMatrix.framework/Versions/A/MPSMatrix
0x0000000007648000 	/System/Library/Frameworks/MetalPerformanceShaders.framework/Versions/A/Frameworks/MPSRayIntersector.framework/Versions/A/MPSRayIntersector
0x0000000007648000 	/System/Library/Frameworks/MetalPerformanceShaders.framework/Versions/A/Frameworks/MPSNDArray.framework/Versions/A/MPSNDArray
0x0000000007648000 	/System/Library/Frameworks/MetalPerformanceShaders.framework/Versions/A/Frameworks/MPSFunctions.framework/Versions/A/MPSFunctions
0x0000000007648000 	/System/Library/PrivateFrameworks/MetalTools.framework/Versions/A/MetalTools
0x0000000007648000 	/System/Library/PrivateFrameworks/AggregateDictionary.framework/Versions/A/AggregateDictionary
0x0000000007648000 	/usr/lib/libIOReport.dylib
0x0000000007648000 	/System/Library/Frameworks/CoreImage.framework/Versions/A/CoreImage
0x0000000007648000 	/System/Library/PrivateFrameworks/PhotosensitivityProcessing.framework/Versions/A/PhotosensitivityProcessing
0x0000000007648000 	/System/Library/Frameworks/OpenCL.framework/Versions/A/OpenCL
0x0000000007648000 	/System/Library/PrivateFrameworks/GraphVisualizer.framework/Versions/A/GraphVisualizer
0x0000000007648000 	/System/Library/PrivateFrameworks/FontServices.framework/Versions/A/FontServices
0x0000000007648000 	/System/Library/Frameworks/UniformTypeIdentifiers.framework/Versions/A/UniformTypeIdentifiers
0x0000000007648000 	/System/Library/PrivateFrameworks/OTSVG.framework/Versions/A/OTSVG
0x0000000007648000 	/System/Library/Frameworks/ApplicationServices.framework/Versions/A/Frameworks/ATS.framework/Versions/A/Resources/libFontRegistry.dylib
0x0000000007648000 	/System/Library/PrivateFrameworks/FontServices.framework/libhvf.dylib
0x0000000007648000 	/System/Library/PrivateFrameworks/FontServices.framework/libXTFontStaticRegistryData.dylib
0x0000000007648000 	/System/Library/PrivateFrameworks/VideoToolboxParavirtualizationSupport.framework/Versions/A/VideoToolboxParavirtualizationSupport
0x0000000007648000 	/System/Library/PrivateFrameworks/AppleVA.framework/Versions/A/AppleVA
0x0000000007648000 	/System/Library/Frameworks/ApplicationServices.framework/Versions/A/Frameworks/ATSUI.framework/Versions/A/ATSUI
0x0000000007648000 	/usr/lib/libcups.2.dylib
0x0000000007648000 	/System/Library/Frameworks/Kerberos.framework/Versions/A/Kerberos
0x0000000007648000 	/System/Library/Frameworks/GSS.framework/Versions/A/GSS
0x0000000007648000 	/usr/lib/libresolv.9.dylib
0x0000000007648000 	/System/Library/PrivateFrameworks/Heimdal.framework/Versions/A/Heimdal
0x0000000007648000 	/System/Library/Frameworks/Kerberos.framework/Versions/A/Libraries/libHeimdalProxy.dylib
0x0000000007648000 	/System/Library/PrivateFrameworks/CommonAuth.framework/Versions/A/CommonAuth
0x0000000007648000 	/System/Library/Frameworks/AVFAudio.framework/Versions/A/AVFAudio
0x0000000007648000 	/System/Library/PrivateFrameworks/AXCoreUtilities.framework/Versions/A/AXCoreUtilities
0x0000000007648000 	/System/Library/Frameworks/AudioToolbox.framework/Versions/A/AudioToolbox
0x0000000007648000 	/System/Library/PrivateFrameworks/AudioSession.framework/Versions/A/AudioSession
0x0000000007648000 	/System/Library/Frameworks/IOBluetooth.framework/Versions/A/IOBluetooth
0x0000000007648000 	/System/Library/PrivateFrameworks/MediaExperience.framework/Versions/A/MediaExperience
0x0000000007648000 	/System/Library/PrivateFrameworks/AudioSession.framework/libSessionUtility.dylib
0x0000000007648000 	/System/Library/PrivateFrameworks/AudioResourceArbitration.framework/Versions/A/AudioResourceArbitration
0x0000000007648000 	/System/Library/PrivateFrameworks/PowerLog.framework/Versions/A/PowerLog
0x0000000007648000 	/System/Library/Frameworks/CoreData.framework/Versions/A/CoreData
0x0000000007648000 	/System/Library/Frameworks/CoreBluetooth.framework/Versions/A/CoreBluetooth
0x0000000007648000 	/System/Library/Frameworks/AudioUnit.framework/Versions/A/AudioUnit
0x0000000007648000 	/System/Library/PrivateFrameworks/CoreUtils.framework/Versions/A/CoreUtils
0x0000000007648000 	/System/Library/PrivateFrameworks/CoreUtilsExtras.framework/Versions/A/CoreUtilsExtras
0x0000000007648000 	/System/Library/PrivateFrameworks/IO80211.framework/Versions/A/IO80211
0x0000000007648000 	/System/Library/PrivateFrameworks/MobileKeyBag.framework/Versions/A/MobileKeyBag
0x0000000007648000 	/System/Library/Frameworks/Cocoa.framework/Versions/A/Cocoa
0x0000000007648000 	/System/Library/Frameworks/AppKit.framework/Versions/C/AppKit
0x0000000007648000 	/System/Library/PrivateFrameworks/UIFoundation.framework/Versions/A/UIFoundation
0x0000000007648000 	/System/Library/PrivateFrameworks/CollectionViewCore.framework/Versions/A/CollectionViewCore
0x0000000007648000 	/System/Library/PrivateFrameworks/RemoteViewServices.framework/Versions/A/RemoteViewServices
0x0000000007648000 	/System/Library/PrivateFrameworks/XCTTargetBootstrap.framework/Versions/A/XCTTargetBootstrap
0x0000000007648000 	/System/Library/PrivateFrameworks/InternationalSupport.framework/Versions/A/InternationalSupport
0x0000000007648000 	/System/Library/PrivateFrameworks/UserActivity.framework/Versions/A/UserActivity
0x0000000007648000 	/System/Library/PrivateFrameworks/WindowManagement.framework/Versions/A/WindowManagement
0x0000000007648000 	/System/Library/PrivateFrameworks/CoreSVG.framework/Versions/A/CoreSVG
0x0000000007648000 	/System/Library/PrivateFrameworks/IconServices.framework/Versions/A/IconServices
0x0000000007648000 	/System/Library/PrivateFrameworks/DFRFoundation.framework/Versions/A/DFRFoundation
0x0000000007648000 	/System/Library/PrivateFrameworks/DataDetectorsCore.framework/Versions/A/DataDetectorsCore
0x0000000007648000 	/System/Library/PrivateFrameworks/TextInput.framework/Versions/A/TextInput
0x0000000007648000 	/System/Library/Frameworks/Carbon.framework/Versions/A/Frameworks/HIToolbox.framework/Versions/A/HIToolbox
0x0000000007648000 	/System/Library/Frameworks/Carbon.framework/Versions/A/Frameworks/SpeechRecognition.framework/Versions/A/SpeechRecognition
0x0000000007648000 	/System/Library/PrivateFrameworks/CoreUI.framework/Versions/A/CoreUI
0x0000000007648000 	/System/Library/PrivateFrameworks/PerformanceAnalysis.framework/Versions/A/PerformanceAnalysis
0x0000000007648000 	/System/Library/PrivateFrameworks/TextureIO.framework/Versions/A/TextureIO
0x0000000007648000 	/System/Library/PrivateFrameworks/IconFoundation.framework/Versions/A/IconFoundation
0x0000000007648000 	/System/Library/PrivateFrameworks/SpeechRecognitionCore.framework/Versions/A/SpeechRecognitionCore
0x0000000007648000 	/usr/lib/libstdc++.6.dylib
0x0000000007648000 	/System/Library/Frameworks/FileProvider.framework/Versions/A/FileProvider
0x0000000007648000 	/System/Library/Frameworks/Accounts.framework/Versions/A/Accounts
0x0000000007648000 	/System/Library/PrivateFrameworks/UserManagement.framework/Versions/A/UserManagement
0x0000000007648000 	/System/Library/PrivateFrameworks/GenerationalStorage.framework/Versions/A/GenerationalStorage
0x0000000007648000 	/System/Library/PrivateFrameworks/CoreSymbolication.framework/Versions/A/CoreSymbolication
0x0000000007648000 	/System/Library/PrivateFrameworks/SymptomDiagnosticReporter.framework/Versions/A/SymptomDiagnosticReporter
0x0000000007648000 	/System/Library/PrivateFrameworks/DesktopServicesPriv.framework/Versions/A/DesktopServicesPriv
0x0000000007648000 	/usr/lib/libsandbox.1.dylib
0x0000000007648000 	/System/Library/PrivateFrameworks/DebugSymbols.framework/Versions/A/DebugSymbols
0x0000000007648000 	/System/Library/PrivateFrameworks/NetAuth.framework/Versions/A/NetAuth
0x0000000007648000 	/System/Library/PrivateFrameworks/Sharing.framework/Versions/A/Sharing
0x0000000007648000 	/System/Library/PrivateFrameworks/login.framework/Versions/A/Frameworks/loginsupport.framework/Versions/A/loginsupport
0x0000000007648000 	/System/Library/PrivateFrameworks/Apple80211.framework/Versions/A/Apple80211
0x0000000007648000 	/System/Library/PrivateFrameworks/AuthKit.framework/Versions/A/AuthKit
0x0000000007648000 	/System/Library/Frameworks/CoreWLAN.framework/Versions/A/CoreWLAN
0x0000000007648000 	/System/Library/PrivateFrameworks/CoreWiFi.framework/Versions/A/CoreWiFi
0x0000000007648000 	/System/Library/PrivateFrameworks/WiFiPeerToPeer.framework/Versions/A/WiFiPeerToPeer
0x0000000007648000 	/System/Library/PrivateFrameworks/FrontBoardServices.framework/Versions/A/FrontBoardServices
0x0000000007648000 	/System/Library/PrivateFrameworks/BoardServices.framework/Versions/A/BoardServices
0x0000000007648000 	/System/Library/PrivateFrameworks/BackBoardServices.framework/Versions/A/BackBoardServices
0x0000000007648000 	/System/Library/Frameworks/UserNotifications.framework/Versions/A/UserNotifications
0x0000000007648000 	/System/Library/PrivateFrameworks/CorePhoneNumbers.framework/Versions/A/CorePhoneNumbers
0x0000000007648000 	/System/Library/PrivateFrameworks/MultiverseSupport.framework/Versions/A/MultiverseSupport
0x0000000007648000 	/System/Library/PrivateFrameworks/RemoteServiceDiscovery.framework/Versions/A/RemoteServiceDiscovery
0x0000000007648000 	/System/Library/PrivateFrameworks/DiskManagement.framework/Versions/A/DiskManagement
0x0000000007648000 	/System/Library/PrivateFrameworks/AppleIDAuthSupport.framework/Versions/A/AppleIDAuthSupport
0x0000000007648000 	/System/Library/PrivateFrameworks/AAAFoundation.framework/Versions/A/AAAFoundation
0x0000000007648000 	/System/Library/PrivateFrameworks/KeychainCircle.framework/Versions/A/KeychainCircle
0x0000000007648000 	/System/Library/PrivateFrameworks/RemoteXPC.framework/Versions/A/RemoteXPC
0x0000000007648000 	/System/Library/PrivateFrameworks/MediaKit.framework/Versions/A/MediaKit
0x0000000007648000 	/System/Library/Frameworks/DiscRecording.framework/Versions/A/DiscRecording
0x0000000007648000 	/usr/lib/libCoreStorage.dylib
0x0000000007648000 	/usr/lib/libcsfde.dylib
0x0000000007648000 	/System/Library/PrivateFrameworks/ProtectedCloudStorage.framework/Versions/A/ProtectedCloudStorage
0x0000000007648000 	/System/Library/PrivateFrameworks/EFILogin.framework/Versions/A/EFILogin
0x0000000007648000 	/System/Library/PrivateFrameworks/OctagonTrust.framework/Versions/A/OctagonTrust
0x0000000007648000 	/usr/lib/libMatch.1.dylib
0x0000000007648000 	/System/Library/CoreServices/RawCamera.bundle/Contents/MacOS/RawCamera
0x0000000007648000 	/System/Library/PrivateFrameworks/MobileAsset.framework/Versions/A/MobileAsset
0x0000000007648000 	/System/Library/PrivateFrameworks/SoftwareUpdateCoreSupport.framework/Versions/A/SoftwareUpdateCoreSupport
0x0000000007648000 	/System/Library/PrivateFrameworks/SoftwareUpdateCoreConnect.framework/Versions/A/SoftwareUpdateCoreConnect
0x0000000007648000 	/System/Library/PrivateFrameworks/StreamingZip.framework/Versions/A/StreamingZip
0x0000000007648000 	/System/Library/PrivateFrameworks/MSUDataAccessor.framework/Versions/A/MSUDataAccessor
0x0000000007648000 	/usr/lib/libbootpolicy.dylib
0x0000000007648000 	/usr/lib/libpartition2_dynamic.dylib
0x0000000007648000 	/System/Library/PrivateFrameworks/CMPhoto.framework/Versions/A/CMPhoto
0x0000000007648000 	/System/Library/PrivateFrameworks/AppleVPA.framework/Versions/A/AppleVPA
0x0000000007648000 	/System/Library/Frameworks/MediaToolbox.framework/Versions/A/MediaToolbox
0x0000000007648000 	/System/Library/PrivateFrameworks/CoreAVCHD.framework/Versions/A/CoreAVCHD
0x0000000007648000 	/System/Library/Frameworks/MediaAccessibility.framework/Versions/A/MediaAccessibility
0x0000000007648000 	/System/Library/PrivateFrameworks/Mangrove.framework/Versions/A/Mangrove
0x0000000007648000 	/System/Library/PrivateFrameworks/CoreAUC.framework/Versions/A/CoreAUC
0x0000000111622000 	/usr/lib/libobjc-trampolines.dylib
0x0000000007648000 	/System/Library/Frameworks/Accelerate.framework/Versions/A/Frameworks/vImage.framework/Versions/A/Libraries/libCGInterfaces.dylib
0x0000000007648000 	/System/Library/PrivateFrameworks/ViewBridge.framework/Versions/A/ViewBridge
0x0000000007648000 	/usr/lib/libAccessibilityBaseImplementations.dylib
0x0000000119869000 	/System/Library/Frameworks/FileProvider.framework/OverrideBundles/CloudDocsFileProvider.bundle/Contents/MacOS/CloudDocsFileProvider
0x0000000007648000 	/System/Library/PrivateFrameworks/CloudDocs.framework/Versions/A/CloudDocs
0x0000000007648000 	/System/Library/PrivateFrameworks/AppleAccount.framework/Versions/A/AppleAccount
0x0000000007648000 	/System/Library/Frameworks/CloudKit.framework/Versions/A/CloudKit
0x0000000007648000 	/System/Library/PrivateFrameworks/AppContainer.framework/Versions/A/AppContainer
0x0000000007648000 	/System/Library/PrivateFrameworks/IDS.framework/Versions/A/IDS
0x0000000007648000 	/System/Library/PrivateFrameworks/AppleIDSSOAuthentication.framework/Versions/A/AppleIDSSOAuthentication
0x0000000007648000 	/System/Library/PrivateFrameworks/ApplePushService.framework/Versions/A/ApplePushService
0x0000000007648000 	/System/Library/PrivateFrameworks/AppSupport.framework/Versions/A/AppSupport
0x0000000007648000 	/System/Library/PrivateFrameworks/IMFoundation.framework/Versions/A/IMFoundation
0x0000000007648000 	/System/Library/PrivateFrameworks/Marco.framework/Versions/A/Marco
0x0000000007648000 	/System/Library/PrivateFrameworks/IDSFoundation.framework/Versions/A/IDSFoundation
0x0000000007648000 	/System/Library/PrivateFrameworks/CommonUtilities.framework/Versions/A/CommonUtilities
0x0000000007648000 	/System/Library/PrivateFrameworks/FTServices.framework/Versions/A/FTServices
0x0000000007648000 	/System/Library/PrivateFrameworks/Engram.framework/Versions/A/Engram
0x0000000007648000 	/usr/lib/libtidy.A.dylib
0x0000000007648000 	/System/Library/PrivateFrameworks/Bom.framework/Versions/A/Bom
0x0000000007648000 	/usr/lib/libParallelCompression.dylib
0x0000000007648000 	/System/Library/PrivateFrameworks/CrashReporterSupport.framework/Versions/A/CrashReporterSupport
0x0000000007648000 	/System/Library/PrivateFrameworks/FTAWD.framework/Versions/A/FTAWD
0x0000000007648000 	/System/Library/PrivateFrameworks/OSAnalytics.framework/Versions/A/OSAnalytics
0x0000000007648000 	/System/Library/PrivateFrameworks/Symbolication.framework/Versions/A/Symbolication
0x0000000007648000 	/System/Library/PrivateFrameworks/MallocStackLogging.framework/Versions/A/MallocStackLogging
0x0000000007648000 	/System/Library/Frameworks/SharedWithYouCore.framework/Versions/A/SharedWithYouCore
0x0000000007648000 	/usr/lib/libBASupport.dylib
0x0000000007648000 	/System/Library/Frameworks/AVFoundation.framework/Versions/A/AVFoundation
0x0000000007648000 	/System/Library/PrivateFrameworks/C2.framework/Versions/A/C2
0x0000000007648000 	/System/Library/Frameworks/CoreLocation.framework/Versions/A/CoreLocation
0x0000000007648000 	/System/Library/PrivateFrameworks/CloudKitDistributedSync.framework/Versions/A/CloudKitDistributedSync
0x0000000007648000 	/System/Library/Frameworks/PushKit.framework/Versions/A/PushKit
0x0000000007648000 	/System/Library/Frameworks/CoreTransferable.framework/Versions/A/CoreTransferable
0x0000000007648000 	/System/Library/Frameworks/CryptoKit.framework/Versions/A/CryptoKit
0x0000000007648000 	/System/Library/PrivateFrameworks/FeatureFlags.framework/Versions/A/FeatureFlags
0x0000000007648000 	/usr/lib/swift/libswiftAVFoundation.dylib
0x0000000007648000 	/usr/lib/swift/libswiftCoreAudio.dylib
0x0000000007648000 	/usr/lib/swift/libswiftCoreLocation.dylib
0x0000000007648000 	/usr/lib/swift/libswiftCoreMIDI.dylib
0x0000000007648000 	/usr/lib/swift/libswiftCoreMedia.dylib
0x0000000007648000 	/usr/lib/swift/libswiftMetal.dylib
0x0000000007648000 	/usr/lib/swift/libswiftQuartzCore.dylib
0x0000000007648000 	/usr/lib/swift/libswiftUniformTypeIdentifiers.dylib
0x0000000007648000 	/usr/lib/swift/libswiftsimd.dylib
0x0000000007648000 	/System/Library/PrivateFrameworks/AVFCore.framework/Versions/A/AVFCore
0x0000000007648000 	/System/Library/PrivateFrameworks/AVFCapture.framework/Versions/A/AVFCapture
0x0000000007648000 	/System/Library/PrivateFrameworks/AirPlaySync.framework/Versions/A/AirPlaySync
0x0000000007648000 	/System/Library/PrivateFrameworks/CMImaging.framework/Versions/A/CMImaging
0x0000000007648000 	/System/Library/PrivateFrameworks/Quagga.framework/Versions/A/Quagga
0x0000000007648000 	/System/Library/PrivateFrameworks/CMCapture.framework/Versions/A/CMCapture
0x0000000007648000 	/System/Library/Frameworks/CoreMediaIO.framework/Versions/A/CoreMediaIO
0x0000000007648000 	/System/Library/PrivateFrameworks/LoggingSupport.framework/Versions/A/LoggingSupport
0x0000000007648000 	/System/Library/PrivateFrameworks/RTCReporting.framework/Versions/A/RTCReporting
0x0000000007648000 	/System/Library/PrivateFrameworks/GeoServices.framework/Versions/A/GeoServices
0x0000000007648000 	/System/Library/PrivateFrameworks/LocationSupport.framework/Versions/A/LocationSupport
0x0000000007648000 	/System/Library/PrivateFrameworks/GeoServicesCore.framework/Versions/A/GeoServicesCore
0x0000000007648000 	/System/Library/PrivateFrameworks/PhoneNumbers.framework/Versions/A/PhoneNumbers
0x0000000007648000 	/usr/lib/swift/libswiftNetwork.dylib
0x0000000007648000 	/System/Library/PrivateFrameworks/CryptoKitCBridging.framework/Versions/A/CryptoKitCBridging
0x0000000007648000 	/System/Library/Frameworks/CryptoTokenKit.framework/Versions/A/CryptoTokenKit
0x0000000007648000 	/usr/lib/swift/libswiftCryptoTokenKit.dylib
0x0000000007648000 	/System/Library/Frameworks/LocalAuthentication.framework/Versions/A/LocalAuthentication
0x0000000007648000 	/System/Library/Frameworks/LocalAuthentication.framework/Support/SharedUtils.framework/Versions/A/SharedUtils
0x0000000007648000 	/usr/lib/swift/libswiftCoreGraphics.dylib
0x0000000007648000 	/System/Library/PrivateFrameworks/SecCodeWrapper.framework/Versions/A/SecCodeWrapper
0x0000000119836000 	/System/Library/Frameworks/FileProvider.framework/OverrideBundles/FileProviderOverride.bundle/Contents/MacOS/FileProviderOverride
0x000000011b33b000 	/System/Library/Frameworks/FileProvider.framework/OverrideBundles/FinderSyncCollaborationFileProviderOverride.bundle/Contents/MacOS/FinderSyncCollaborationFileProviderOverride
0x0000000007648000 	/System/Library/PrivateFrameworks/FinderSyncPriv.framework/Versions/A/FinderSyncPriv
0x0000000007648000 	/System/Library/PrivateFrameworks/login.framework/Versions/A/login
0x0000000007648000 	/usr/lib/libFosl_dynamic.dylib
0x0000000007648000 	/usr/lib/libncurses.5.4.dylib
0x0000000007648000 	/System/Library/Extensions/AGXMetal13_3.bundle/Contents/MacOS/AGXMetal13_3
0x0000000007648000 	/System/Library/PrivateFrameworks/GPURawCounter.framework/Versions/A/GPURawCounter
0x0000000007648000 	/System/Library/PrivateFrameworks/IOGPU.framework/Versions/A/IOGPU
0x0000000007648000 	/System/Library/PrivateFrameworks/AccessibilityBundles.framework/Versions/A/AccessibilityBundles
0x0000000007648000 	/usr/lib/libAccessibility.dylib
0x0000000007648000 	/System/Library/PrivateFrameworks/Shortcut.framework/Versions/A/Shortcut
0x0000000007648000 	/System/Library/PrivateFrameworks/HelpData.framework/Versions/A/HelpData
0x0000000007648000 	/System/Library/PrivateFrameworks/SidecarUI.framework/Versions/A/SidecarUI
0x0000000007648000 	/System/Library/PrivateFrameworks/SidecarCore.framework/Versions/A/SidecarCore
0x0000000007648000 	/System/Library/Frameworks/Carbon.framework/Versions/A/Carbon
0x0000000007648000 	/System/Library/Frameworks/Carbon.framework/Versions/A/Frameworks/CommonPanels.framework/Versions/A/CommonPanels
0x0000000007648000 	/System/Library/Frameworks/Carbon.framework/Versions/A/Frameworks/Help.framework/Versions/A/Help
0x0000000007648000 	/System/Library/Frameworks/Carbon.framework/Versions/A/Frameworks/ImageCapture.framework/Versions/A/ImageCapture
0x0000000007648000 	/System/Library/Frameworks/Carbon.framework/Versions/A/Frameworks/OpenScripting.framework/Versions/A/OpenScripting
0x0000000007648000 	/System/Library/Frameworks/Carbon.framework/Versions/A/Frameworks/Ink.framework/Versions/A/Ink
0x0000000007648000 	/System/Library/Frameworks/Carbon.framework/Versions/A/Frameworks/Print.framework/Versions/A/Print
0x0000000007648000 	/System/Library/Frameworks/Carbon.framework/Versions/A/Frameworks/SecurityHI.framework/Versions/A/SecurityHI
0x0000000007648000 	/System/Library/PrivateFrameworks/SystemAdministration.framework/Versions/A/SystemAdministration
0x0000000007648000 	/System/Library/Frameworks/DirectoryService.framework/Versions/A/DirectoryService
0x0000000007648000 	/System/Library/PrivateFrameworks/DiskImages.framework/Versions/A/DiskImages
0x0000000007648000 	/System/Library/Frameworks/ServiceManagement.framework/Versions/A/ServiceManagement
0x0000000007648000 	/System/Library/PrivateFrameworks/LoginUIKit.framework/Versions/A/Frameworks/LoginUICore.framework/Versions/A/LoginUICore
0x0000000007648000 	/usr/lib/libodfde.dylib
0x0000000007648000 	/usr/lib/libcurl.4.dylib
0x0000000007648000 	/usr/lib/libcrypto.46.dylib
0x0000000007648000 	/usr/lib/libssl.48.dylib
0x0000000007648000 	/System/Library/Frameworks/LDAP.framework/Versions/A/LDAP
0x0000000007648000 	/System/Library/PrivateFrameworks/TrustEvaluationAgent.framework/Versions/A/TrustEvaluationAgent
0x0000000007648000 	/usr/lib/libsasl2.2.dylib
0x0000000007648000 	/System/Library/PrivateFrameworks/Backup.framework/Versions/A/Backup
0x0000000007648000 	/System/Library/Frameworks/Quartz.framework/Versions/A/Quartz
0x0000000007648000 	/System/Library/Frameworks/Quartz.framework/Versions/A/Frameworks/QuartzComposer.framework/Versions/A/QuartzComposer
0x0000000007648000 	/System/Library/Frameworks/PDFKit.framework/Versions/A/PDFKit
0x0000000007648000 	/System/Library/Frameworks/Quartz.framework/Versions/A/Frameworks/QuartzFilters.framework/Versions/A/QuartzFilters
0x0000000007648000 	/System/Library/Frameworks/Quartz.framework/Versions/A/Frameworks/ImageKit.framework/Versions/A/ImageKit
0x0000000007648000 	/System/Library/Frameworks/QuickLookUI.framework/Versions/A/QuickLookUI
0x0000000007648000 	/System/Library/Frameworks/JavaScriptCore.framework/Versions/A/JavaScriptCore
0x0000000007648000 	/System/Library/PrivateFrameworks/CorePDF.framework/Versions/A/CorePDF
0x0000000007648000 	/System/Library/PrivateFrameworks/URLFormatting.framework/Versions/A/URLFormatting
0x0000000007648000 	/System/Library/Frameworks/QuickLook.framework/Versions/A/QuickLook
0x0000000007648000 	/System/Library/PrivateFrameworks/DisplayServices.framework/Versions/A/DisplayServices
0x0000000007648000 	/System/Library/Frameworks/ImageCaptureCore.framework/Versions/A/ImageCaptureCore
0x0000000007648000 	/System/Library/Frameworks/MetalKit.framework/Versions/A/MetalKit
0x0000000007648000 	/System/Library/PrivateFrameworks/VisionKitCore.framework/Versions/A/VisionKitCore
0x0000000007648000 	/System/Library/PrivateFrameworks/QuickLookSupport.framework/Versions/A/QuickLookSupport
0x0000000007648000 	/System/Library/Frameworks/QuickLookThumbnailing.framework/Versions/A/QuickLookThumbnailing
0x0000000007648000 	/System/Library/PrivateFrameworks/CoreBrightness.framework/Versions/A/CoreBrightness
0x0000000007648000 	/System/Library/PrivateFrameworks/HID.framework/Versions/A/HID
0x0000000007648000 	/System/Library/Frameworks/SafariServices.framework/Versions/A/SafariServices
0x0000000007648000 	/System/Library/PrivateFrameworks/QuickLookNonBaseSystem.framework/Versions/A/QuickLookNonBaseSystem
0x0000000007648000 	/System/Library/PrivateFrameworks/MarkupUI.framework/Versions/A/MarkupUI
0x0000000007648000 	/System/Library/PrivateFrameworks/AnnotationKit.framework/Versions/A/AnnotationKit
0x0000000007648000 	/System/Library/PrivateFrameworks/DataDetectors.framework/Versions/A/DataDetectors
0x0000000007648000 	/System/Library/PrivateFrameworks/MediaAnalysisServices.framework/Versions/A/MediaAnalysisServices
0x0000000007648000 	/System/Library/Frameworks/Vision.framework/Versions/A/Vision
0x0000000007648000 	/System/Library/PrivateFrameworks/RevealCore.framework/Versions/A/RevealCore
0x0000000007648000 	/System/Library/PrivateFrameworks/Reveal.framework/Versions/A/Reveal
0x0000000007648000 	/System/Library/PrivateFrameworks/TextRecognition.framework/Versions/A/TextRecognition
0x0000000007648000 	/System/Library/PrivateFrameworks/Translation.framework/Versions/A/Translation
0x0000000007648000 	/System/Library/PrivateFrameworks/Lookup.framework/Versions/A/Lookup
0x0000000007648000 	/System/Library/Frameworks/WebKit.framework/Versions/A/WebKit
0x0000000007648000 	/System/Library/PrivateFrameworks/AddressBookCore.framework/Versions/A/AddressBookCore
0x0000000007648000 	/System/Library/Frameworks/NaturalLanguage.framework/Versions/A/NaturalLanguage
0x0000000007648000 	/System/Library/Frameworks/CoreML.framework/Versions/A/CoreML
0x0000000007648000 	/System/Library/PrivateFrameworks/Montreal.framework/Versions/A/Montreal
0x0000000007648000 	/System/Library/Frameworks/MLCompute.framework/Versions/A/MLCompute
0x0000000007648000 	/System/Library/PrivateFrameworks/Espresso.framework/Versions/A/Espresso
0x0000000007648000 	/System/Library/PrivateFrameworks/MLAssetIO.framework/Versions/A/MLAssetIO
0x0000000007648000 	/System/Library/Frameworks/MetalPerformanceShadersGraph.framework/Versions/A/MetalPerformanceShadersGraph
0x0000000007648000 	/System/Library/PrivateFrameworks/ANECompiler.framework/Versions/A/ANECompiler
0x0000000007648000 	/System/Library/PrivateFrameworks/AppleNeuralEngine.framework/Versions/A/AppleNeuralEngine
0x0000000007648000 	/System/Library/PrivateFrameworks/ANEServices.framework/Versions/A/ANEServices
0x0000000007648000 	/System/Library/PrivateFrameworks/MilAneflow.framework/Versions/A/MilAneflow
0x0000000007648000 	/System/Library/Frameworks/WebKit.framework/Versions/A/Frameworks/WebKitLegacy.framework/Versions/A/WebKitLegacy
0x0000000007648000 	/System/Library/Frameworks/WebKit.framework/Versions/A/Frameworks/WebCore.framework/Versions/A/WebCore
0x0000000007648000 	/System/Library/PrivateFrameworks/CorePrediction.framework/Versions/A/CorePrediction
0x0000000007648000 	/usr/lib/libnetworkextension.dylib
0x0000000007648000 	/System/Library/Frameworks/WebKit.framework/Versions/A/Frameworks/WebCore.framework/Versions/A/Frameworks/libwebrtc.dylib
0x0000000007648000 	/System/Library/PrivateFrameworks/SafariSafeBrowsing.framework/Versions/A/SafariSafeBrowsing
0x0000000007648000 	/System/Library/Frameworks/SecurityInterface.framework/Versions/A/SecurityInterface
0x0000000007648000 	/System/Library/PrivateFrameworks/WebInspectorUI.framework/Versions/A/WebInspectorUI
0x0000000007648000 	/System/Library/Frameworks/WebKit.framework/Versions/A/Frameworks/WebCore.framework/Versions/A/Frameworks/libANGLE-shared.dylib
0x0000000007648000 	/System/Library/PrivateFrameworks/WebGPU.framework/Versions/A/WebGPU
0x0000000007648000 	/System/Library/Frameworks/NetworkExtension.framework/Versions/A/NetworkExtension
0x0000000007648000 	/System/Library/Frameworks/SceneKit.framework/Versions/A/SceneKit
0x0000000007648000 	/System/Library/PrivateFrameworks/CaptiveNetwork.framework/Versions/A/CaptiveNetwork
0x0000000007648000 	/System/Library/PrivateFrameworks/EAP8021X.framework/Versions/A/EAP8021X
0x0000000007648000 	/System/Library/Frameworks/ModelIO.framework/Versions/A/ModelIO
0x0000000007648000 	/System/Library/Frameworks/GLKit.framework/Versions/A/GLKit
0x0000000007648000 	/usr/lib/usd/libIex.dylib
0x0000000007648000 	/usr/lib/usd/libHalf.dylib
0x0000000007648000 	/usr/lib/usd/libAlembic.dylib
0x0000000007648000 	/usr/lib/usd/libusd_ms.dylib
0x0000000007648000 	/usr/lib/usd/libosdCPU.dylib
0x0000000007648000 	/usr/lib/usd/libImath.dylib
0x0000000007648000 	/usr/lib/usd/libIlmThread.dylib
0x0000000007648000 	/usr/lib/usd/libIexMath.dylib
0x0000000007648000 	/usr/lib/usd/libtbb.dylib
0x0000000007648000 	/usr/lib/usd/libMaterialXCore.dylib
0x0000000007648000 	/usr/lib/usd/libMaterialXFormat.dylib
0x0000000007648000 	/System/Library/PrivateFrameworks/USDLib_FormatLoaderProxy.framework/Versions/A/USDLib_FormatLoaderProxy
0x0000000007648000 	/System/Library/PrivateFrameworks/CoreOptimization.framework/Versions/A/CoreOptimization
0x0000000007648000 	/System/Library/PrivateFrameworks/WirelessDiagnostics.framework/Versions/A/WirelessDiagnostics
0x0000000007648000 	/System/Library/PrivateFrameworks/WirelessDiagnostics.framework/Versions/A/Libraries/libAWDSupportFramework.dylib
0x0000000007648000 	/System/Library/PrivateFrameworks/WirelessDiagnostics.framework/Versions/A/Libraries/libAWDSupport.dylib
0x0000000007648000 	/System/Library/PrivateFrameworks/WirelessDiagnostics.framework/Versions/A/Libraries/libprotobuf-lite.dylib
0x0000000007648000 	/usr/lib/libTelephonyUtilDynamic.dylib
0x0000000007648000 	/System/Library/PrivateFrameworks/WirelessDiagnostics.framework/Versions/A/Libraries/libprotobuf.dylib
0x0000000007648000 	/System/Library/PrivateFrameworks/ContactsPersistence.framework/Versions/A/ContactsPersistence
0x0000000007648000 	/System/Library/Frameworks/Contacts.framework/Versions/A/Contacts
0x0000000007648000 	/System/Library/PrivateFrameworks/ContactsFoundation.framework/Versions/A/ContactsFoundation
0x0000000007648000 	/System/Library/PrivateFrameworks/vCard.framework/Versions/A/vCard
0x0000000007648000 	/System/Library/PrivateFrameworks/ContactsMetrics.framework/Versions/A/ContactsMetrics
0x0000000007648000 	/System/Library/PrivateFrameworks/AppleLDAP.framework/Versions/A/AppleLDAP
0x0000000007648000 	/System/Library/Frameworks/ClassKit.framework/Versions/A/ClassKit
0x0000000007648000 	/System/Library/PrivateFrameworks/CoreSuggestions.framework/Versions/A/CoreSuggestions
0x0000000007648000 	/usr/lib/swift/libswiftOSLog.dylib
0x0000000007648000 	/System/Library/Frameworks/Intents.framework/Versions/A/Intents
0x0000000007648000 	/System/Library/PrivateFrameworks/ProactiveSupport.framework/Versions/A/ProactiveSupport
0x0000000007648000 	/System/Library/Frameworks/CoreSpotlight.framework/Versions/A/CoreSpotlight
0x0000000007648000 	/System/Library/PrivateFrameworks/ProactiveEventTracker.framework/Versions/A/ProactiveEventTracker
0x0000000007648000 	/System/Library/PrivateFrameworks/IntentsFoundation.framework/Versions/A/IntentsFoundation
0x0000000007648000 	/System/Library/PrivateFrameworks/InternationalTextSearch.framework/Versions/A/InternationalTextSearch
0x0000000007648000 	/System/Library/PrivateFrameworks/InternalSwiftProtobuf.framework/Versions/A/InternalSwiftProtobuf
0x0000000007648000 	/System/Library/Frameworks/OSLog.framework/Versions/A/OSLog
0x0000000007648000 	/System/Library/Frameworks/Vision.framework/libfaceCore.dylib
0x0000000007648000 	/System/Library/PrivateFrameworks/Futhark.framework/Versions/A/Futhark
0x0000000007648000 	/System/Library/PrivateFrameworks/InertiaCam.framework/Versions/A/InertiaCam
0x0000000007648000 	/System/Library/PrivateFrameworks/CVNLP.framework/Versions/A/CVNLP
0x0000000007648000 	/System/Library/PrivateFrameworks/TranslationUIServices.framework/Versions/A/TranslationUIServices
0x0000000007648000 	/System/Library/PrivateFrameworks/EmbeddedAcousticRecognition.framework/Versions/A/EmbeddedAcousticRecognition
0x0000000007648000 	/System/Library/PrivateFrameworks/Osprey.framework/Versions/A/Osprey
0x0000000007648000 	/usr/lib/libmorphun.dylib
0x0000000007648000 	/System/Library/PrivateFrameworks/SiriInstrumentation.framework/Versions/A/SiriInstrumentation
0x0000000007648000 	/System/Library/PrivateFrameworks/SiriAnalytics.framework/Versions/A/SiriAnalytics
0x0000000007648000 	/System/Library/PrivateFrameworks/AssistantServices.framework/Versions/A/AssistantServices
0x0000000007648000 	/System/Library/Frameworks/SoundAnalysis.framework/Versions/A/SoundAnalysis
0x0000000007648000 	/System/Library/PrivateFrameworks/EmojiFoundation.framework/Versions/A/EmojiFoundation
0x0000000007648000 	/System/Library/PrivateFrameworks/SDAPI.framework/Versions/A/SDAPI
0x0000000007648000 	/System/Library/PrivateFrameworks/DifferentialPrivacy.framework/Versions/A/DifferentialPrivacy
0x0000000007648000 	/System/Library/PrivateFrameworks/FeedbackLogger.framework/Versions/A/FeedbackLogger
0x0000000007648000 	/System/Library/PrivateFrameworks/SAObjects.framework/Versions/A/SAObjects
0x0000000007648000 	/System/Library/PrivateFrameworks/MediaRemote.framework/Versions/A/MediaRemote
0x0000000007648000 	/System/Library/PrivateFrameworks/SiriTTSService.framework/Versions/A/SiriTTSService
0x0000000007648000 	/System/Library/PrivateFrameworks/SiriCrossDeviceArbitrationFeedback.framework/Versions/A/SiriCrossDeviceArbitrationFeedback
0x0000000007648000 	/System/Library/PrivateFrameworks/Rapport.framework/Versions/A/Rapport
0x0000000007648000 	/System/Library/PrivateFrameworks/MediaServices.framework/Versions/A/MediaServices
0x0000000007648000 	/System/Library/PrivateFrameworks/PersistentConnection.framework/Versions/A/PersistentConnection
0x0000000007648000 	/System/Library/PrivateFrameworks/Trial.framework/Versions/A/Trial
0x0000000007648000 	/System/Library/PrivateFrameworks/TrialProto.framework/Versions/A/TrialProto
0x0000000007648000 	/usr/lib/libtailspin.dylib
0x0000000007648000 	/System/Library/PrivateFrameworks/UnifiedAssetFramework.framework/Versions/A/UnifiedAssetFramework
0x0000000007648000 	/System/Library/PrivateFrameworks/SiriTTS.framework/Versions/A/SiriTTS
0x0000000007648000 	/System/Library/PrivateFrameworks/SiriPowerInstrumentation.framework/Versions/A/SiriPowerInstrumentation
0x0000000007648000 	/usr/lib/swift/libswiftAccelerate.dylib
0x0000000007648000 	/System/Library/PrivateFrameworks/TailspinSymbolication.framework/Versions/A/TailspinSymbolication
0x0000000007648000 	/System/Library/PrivateFrameworks/Darwinup.framework/Versions/A/Darwinup
0x0000000007648000 	/System/Library/PrivateFrameworks/SignpostSupport.framework/Versions/A/SignpostSupport
0x0000000007648000 	/System/Library/PrivateFrameworks/FeatureFlagsSupport.framework/Versions/A/FeatureFlagsSupport
0x0000000007648000 	/System/Library/PrivateFrameworks/ktrace.framework/Versions/A/ktrace
0x0000000007648000 	/System/Library/PrivateFrameworks/SampleAnalysis.framework/Versions/A/SampleAnalysis
0x0000000007648000 	/System/Library/PrivateFrameworks/kperfdata.framework/Versions/A/kperfdata
0x0000000007648000 	/usr/lib/libdscsym.dylib
0x0000000007648000 	/System/Library/PrivateFrameworks/kperf.framework/Versions/A/kperf
0x0000000007648000 	/System/Library/PrivateFrameworks/BulkSymbolication.framework/Versions/A/BulkSymbolication
0x0000000007648000 	/usr/lib/libedit.3.dylib
0x0000000007648000 	/System/Library/Frameworks/PencilKit.framework/Versions/A/PencilKit
0x0000000007648000 	/System/Library/PrivateFrameworks/CoreHandwriting.framework/Versions/A/CoreHandwriting
0x0000000007648000 	/usr/lib/swift/libswiftAppKit.dylib
0x0000000007648000 	/usr/lib/swift/libswiftCoreImage.dylib
0x0000000007648000 	/usr/lib/libmecabra.dylib
0x0000000007648000 	/usr/lib/libChineseTokenizer.dylib
0x0000000007648000 	/System/Library/Frameworks/Accessibility.framework/Versions/A/Accessibility
0x0000000007648000 	/System/Library/PrivateFrameworks/VoiceShortcutClient.framework/Versions/A/VoiceShortcutClient
0x0000000007648000 	/System/Library/PrivateFrameworks/LinkServices.framework/Versions/A/LinkServices
0x0000000007648000 	/System/Library/PrivateFrameworks/IntentsCore.framework/Versions/A/IntentsCore
0x0000000007648000 	/System/Library/PrivateFrameworks/CoreDuetContext.framework/Versions/A/CoreDuetContext
0x0000000007648000 	/System/Library/PrivateFrameworks/CoreDuet.framework/Versions/A/CoreDuet
0x0000000007648000 	/System/Library/PrivateFrameworks/LinkMetadata.framework/Versions/A/LinkMetadata
0x0000000007648000 	/usr/lib/swift/libswiftExtensionFoundation.dylib
0x0000000007648000 	/usr/lib/swift/libswiftFileProvider.dylib
0x0000000007648000 	/usr/lib/swift/libswiftIntents.dylib
0x0000000007648000 	/usr/lib/swift/libswiftPrivate_BiomePubSub.dylib
0x0000000007648000 	/System/Library/PrivateFrameworks/BiomeStreams.framework/Versions/A/BiomeStreams
0x0000000007648000 	/System/Library/PrivateFrameworks/Koa.framework/Versions/A/Koa
0x0000000007648000 	/System/Library/PrivateFrameworks/BiomeStorage.framework/Versions/A/BiomeStorage
0x0000000007648000 	/System/Library/PrivateFrameworks/BiomeFlexibleStorage.framework/Versions/A/BiomeFlexibleStorage
0x0000000007648000 	/System/Library/PrivateFrameworks/BiomeFoundation.framework/Versions/A/BiomeFoundation
0x0000000007648000 	/System/Library/PrivateFrameworks/BiomeDSL.framework/Versions/A/BiomeDSL
0x0000000007648000 	/System/Library/PrivateFrameworks/BiomePubSub.framework/Versions/A/BiomePubSub
0x0000000007648000 	/usr/lib/libskit.dylib
0x0000000007648000 	/System/Library/PrivateFrameworks/MorphunAssets.framework/Versions/A/MorphunAssets
0x0000000007648000 	/System/Library/PrivateFrameworks/PeopleSuggester.framework/Versions/A/PeopleSuggester
0x0000000007648000 	/usr/lib/libmarisa.dylib
0x0000000007648000 	/System/Library/PrivateFrameworks/BiomeLibrary.framework/Versions/A/BiomeLibrary
0x0000000007648000 	/System/Library/Frameworks/CoreTelephony.framework/Versions/A/CoreTelephony
0x0000000007648000 	/System/Library/PrivateFrameworks/CoreDuetDaemonProtocol.framework/Versions/A/CoreDuetDaemonProtocol
0x0000000007648000 	/System/Library/PrivateFrameworks/SafariPlatformSupport.framework/Versions/A/SafariPlatformSupport
0x0000000007648000 	/System/Library/PrivateFrameworks/SafariCore.framework/Versions/A/SafariCore
0x0000000007648000 	/System/Library/PrivateFrameworks/SafariFoundation.framework/Versions/A/SafariFoundation
0x0000000007648000 	/usr/lib/libxcselect.dylib
0x0000000007648000 	/System/Library/PrivateFrameworks/SharedWebCredentials.framework/Versions/A/SharedWebCredentials
0x0000000110f24000 	/Applications/Stata/utilities/java/macosx-x64/jre1.8.0_31/lib/jli/libjli.dylib
0x0000000134efc000 	/Applications/Stata/utilities/java/macosx-x64/jre1.8.0_31/lib/server/libjvm.dylib
0x0000000110fb2000 	/Applications/Stata/utilities/java/macosx-x64/jre1.8.0_31/lib/libverify.dylib
0x00000001110a8000 	/Applications/Stata/utilities/java/macosx-x64/jre1.8.0_31/lib/libjava.dylib
0x0000000110e88000 	/Applications/Stata/utilities/java/macosx-x64/jre1.8.0_31/lib/libzip.dylib
0x0000000007648000 	/System/Library/Frameworks/JavaRuntimeSupport.framework/Versions/A/JavaRuntimeSupport

VM Arguments:
jvm_args: -Xms16M -Xmx384M -Xss2M -XX:+UseParNewGC -XX:+UseConcMarkSweepGC -XX:MinHeapFreeRatio=40 -XX:MaxHeapFreeRatio=70 -XX:ErrorFile=/dev/null 
java_command: <unknown>
java_class_path (initial): /Applications/Stata/ado/base/:/Applications/Stata/ado/base/jar/:/Applications/Stata/ado/base/jar/libstata-core.jar:/Applications/Stata/ado/base/jar/stata-sfi.jar:/Applications/Stata/ado/base/jar/libdeps-core.jar:./:/Users/juansegundozapiola/Library/Application Support/Stata/ado/plus/:
Launcher Type: generic

Environment Variables:
PATH=/usr/bin:/bin:/usr/sbin:/sbin
SHELL=/bin/zsh

Signal Handlers:
SIGSEGV: [libjvm.dylib+0x57a0e7], sa_mask[0]=11111111111111111111111111111111, sa_flags=SA_ONSTACK|SA_RESTART|SA_SIGINFO
SIGBUS: [libjvm.dylib+0x57a0e7], sa_mask[0]=11111111111111111111111111111111, sa_flags=SA_RESTART|SA_SIGINFO
SIGFPE: [libjvm.dylib+0x45af24], sa_mask[0]=11111111111111111111111111111111, sa_flags=SA_RESTART|SA_SIGINFO
SIGPIPE: [libjvm.dylib+0x45af24], sa_mask[0]=11111111111111111111111111111111, sa_flags=SA_RESTART|SA_SIGINFO
SIGXFSZ: [libjvm.dylib+0x45af24], sa_mask[0]=11111111111111111111111111111111, sa_flags=SA_RESTART|SA_SIGINFO
SIGILL: [libjvm.dylib+0x45af24], sa_mask[0]=11111111111111111111111111111111, sa_flags=SA_RESTART|SA_SIGINFO
SIGUSR1: SIG_DFL, sa_mask[0]=00000000000000000000000000000000, sa_flags=none
SIGUSR2: [libjvm.dylib+0x45aa42], sa_mask[0]=00000000000000000000000000000000, sa_flags=SA_RESTART|SA_SIGINFO
SIGHUP: [libjvm.dylib+0x459015], sa_mask[0]=11111111111111111111111111111111, sa_flags=SA_RESTART|SA_SIGINFO
SIGINT: [libjvm.dylib+0x459015], sa_mask[0]=11111111111111111111111111111111, sa_flags=SA_RESTART|SA_SIGINFO
SIGTERM: [libjvm.dylib+0x459015], sa_mask[0]=11111111111111111111111111111111, sa_flags=SA_RESTART|SA_SIGINFO
SIGQUIT: [libjvm.dylib+0x459015], sa_mask[0]=11111111111111111111111111111111, sa_flags=SA_RESTART|SA_SIGINFO


---------------  S Y S T E M  ---------------

OS:Bsduname:Darwin 22.4.0 Darwin Kernel Version 22.4.0: Mon Mar  6 21:00:41 PST 2023; root:xnu-8796.101.5~3/RELEASE_ARM64_T8103 x86_64
rlimit: STACK 8176k, CORE 0k, NPROC 1333, NOFILE 10240, AS infinity
load average:1.94 3.11 2.64

CPU:total 8 (1 cores per cpu, 1 threads per core) family 6 model 44 stepping 0, cmov, cx8, fxsr, mmx, sse, sse2, sse3, ssse3, sse4.1, sse4.2, popcnt, aes, clmul, tsc, tscinvbit, tscinv

Memory: 4k page, physical 8388608k(19120k free)

/proc/meminfo:


vm_info: Java HotSpot(TM) 64-Bit Server VM (25.31-b07) for bsd-amd64 JRE (1.8.0_31-b13), built on Dec 17 2014 20:45:36 by "java_re" with gcc 4.2.1 (Based on Apple Inc. build 5658) (LLVM build 2336.11.00)

time: Thu Aug 17 17:45:11 2023
elapsed time: 860296 seconds (9d 22h 58m 16s)

